------Start of DE processing------ = [24.10.2022, 19:34:10:336 CEST]
Exception = org.jboss.weld.exceptions.DeploymentException
Source = com.ibm.ws.container.service.state.internal.ApplicationStateManager
probeid = 54
Stack Dump = org.jboss.weld.exceptions.DeploymentException: WELD-001408: Unsatisfied dependencies for type AuthenticationService with qualifiers @Default
  at injection point [BackedAnnotatedParameter] Parameter 1 of [BackedAnnotatedConstructor] @Inject public pl.edu.pg.eti.kask.rpg.user.authentication.servlet.AuthenticationServlet(AuthenticationService)
  at pl.edu.pg.eti.kask.rpg.user.authentication.servlet.AuthenticationServlet.<init>(AuthenticationServlet.java:0)
WELD-001474: Class pl.edu.pg.eti.kask.rpg.user.authentication.service.AuthenticationService is on the classpath, but was ignored because a class it references was not found: pl.edu.pg.eti.kask.rpg.user.service.UserService.

	at org.jboss.weld.bootstrap.Validator.validateInjectionPointForDeploymentProblems(Validator.java:378)
	at org.jboss.weld.bootstrap.Validator.validateInjectionPoint(Validator.java:290)
	at org.jboss.weld.bootstrap.Validator.validateProducer(Validator.java:425)
	at org.jboss.weld.bootstrap.ConcurrentValidator$6.doWork(ConcurrentValidator.java:130)
	at org.jboss.weld.bootstrap.ConcurrentValidator$6.doWork(ConcurrentValidator.java:128)
	at org.jboss.weld.executor.IterativeWorkerTaskFactory$1.call(IterativeWorkerTaskFactory.java:62)
	at org.jboss.weld.executor.IterativeWorkerTaskFactory$1.call(IterativeWorkerTaskFactory.java:55)
	at java.base/java.util.concurrent.FutureTask.run(FutureTask.java:264)
	at java.base/java.util.concurrent.ThreadPoolExecutor.runWorker(ThreadPoolExecutor.java:1128)
	at java.base/java.util.concurrent.ThreadPoolExecutor$Worker.run(ThreadPoolExecutor.java:628)
	at java.base/java.lang.Thread.run(Thread.java:834)

Dump of callerThis
Object type = com.ibm.ws.container.service.state.internal.ApplicationStateManager
  serialVersionUID = -6685368059484454124
  $$$tc$$$ = class com.ibm.websphere.ras.TraceComponent@38808b09
    strings[0] = "TraceComponent[com.ibm.ws.container.service.state.internal.ApplicationStateManager,class com.ibm.ws.container.service.state.internal.ApplicationStateManager,[Runtime],null,null]"
  listeners = class com.ibm.wsspi.kernel.service.utils.ConcurrentServiceReferenceSet@7ae4d4c4
    referenceName = "applicationStateListeners"
    contextRef = class java.util.concurrent.atomic.AtomicReference@6aa4ae3e
      serialVersionUID = "/* Could not access serialVersionUID */"
      VALUE = "/* Could not access VALUE */"
      value = "/* Could not access value */"
    elementMap = class java.util.LinkedHashMap@6bd054dc
      serialVersionUID = "/* Could not access serialVersionUID */"
      head = "/* Could not access head */"
      tail = "/* Could not access tail */"
      accessOrder = "/* Could not access accessOrder */"
      serialVersionUID = "/* Could not access serialVersionUID */"
      DEFAULT_INITIAL_CAPACITY = "/* Could not access DEFAULT_INITIAL_CAPACITY */"
      MAXIMUM_CAPACITY = "/* Could not access MAXIMUM_CAPACITY */"
      DEFAULT_LOAD_FACTOR = "/* Could not access DEFAULT_LOAD_FACTOR */"
      TREEIFY_THRESHOLD = "/* Could not access TREEIFY_THRESHOLD */"
      UNTREEIFY_THRESHOLD = "/* Could not access UNTREEIFY_THRESHOLD */"
      MIN_TREEIFY_CAPACITY = "/* Could not access MIN_TREEIFY_CAPACITY */"
      table = "/* Could not access table */"
      entrySet = "/* Could not access entrySet */"
      size = "/* Could not access size */"
      modCount = "/* Could not access modCount */"
      threshold = "/* Could not access threshold */"
      loadFactor = "/* Could not access loadFactor */"
      keySet = "/* Could not access keySet */"
      values = "/* Could not access values */"
    elementSet = class java.util.concurrent.ConcurrentSkipListSet@5f9de665
      serialVersionUID = "/* Could not access serialVersionUID */"
      m = "/* Could not access m */"
      MAX_ARRAY_SIZE = "/* Could not access MAX_ARRAY_SIZE */"
    elementSetUnsorted = false
    serialVersionUID = 756240983881166148
    $$$tc$$$ = class com.ibm.websphere.ras.TraceComponent@4ec38962
      strings[0] = "TraceComponent[com.ibm.wsspi.kernel.service.utils.ConcurrentServiceReferenceSet,class com.ibm.wsspi.kernel.service.utils.ConcurrentServiceReferenceSet,[kernelUtils],com.ibm.ws.kernel.service.utils.resources.ServiceMessages,null]"
  serialVersionUID = 2284273176985484160
  $$$tc$$$ = class com.ibm.websphere.ras.TraceComponent@5bd726fd
    strings[0] = "TraceComponent[com.ibm.ws.container.service.state.internal.StateChangeManager,class com.ibm.ws.container.service.state.internal.StateChangeManager,[Runtime],null,null]"

Dump of objectArray[0]
Object type = com.ibm.ws.container.service.app.deploy.internal.ApplicationInfoImpl
  appName = "simple-rpg-1.0-SNAPSHOT"
  appMetaData = class com.ibm.ws.container.service.app.deploy.internal.ApplicationMetaDataImpl@1b82489f
    j2eeName = class com.ibm.ws.container.service.metadata.internal.J2EENameImpl@4dbca5eb
      serialVersionUID = 7488184044073147667
      application = "simple-rpg-1.0-SNAPSHOT"
      module = null
      component = null
      string = "simple-rpg-1.0-SNAPSHOT"
      j2eeNameBytes = null
      $$$tc$$$ = class com.ibm.websphere.ras.TraceComponent@6820922c
    serialVersionUID = -7906531148367236579
    $$$tc$$$ = class com.ibm.websphere.ras.TraceComponent@1377eae7
      strings[0] = "TraceComponent[com.ibm.ws.container.service.app.deploy.internal.ApplicationMetaDataImpl,class com.ibm.ws.container.service.app.deploy.internal.ApplicationMetaDataImpl,[container.service],com.ibm.ws.container.service.resources.Messages,null]"
    tc = class com.ibm.websphere.ras.TraceComponent@5502ac20
      strings[0] = "TraceComponent[com.ibm.ws.runtime.metadata.MetaDataImpl,class com.ibm.ws.runtime.metadata.MetaDataImpl,[Runtime],null,null]"
    NUM_STATIC_SLOTS = 4
    ID_UNINITIALIZED = -1
    id = 0
    metaDataInterface = class java.lang.Class@7eadd5a7
      ANNOTATION = "/* Could not access ANNOTATION */"
      ENUM = "/* Could not access ENUM */"
      SYNTHETIC = "/* Could not access SYNTHETIC */"
      cachedConstructor = "/* Could not access cachedConstructor */"
      newInstanceCallerCache = "/* Could not access newInstanceCallerCache */"
      name = "/* Could not access name */"
      module = "/* Could not access module */"
      packageName = "/* Could not access packageName */"
      componentType = "/* Could not access componentType */"
      allPermDomain = "/* Could not access allPermDomain */"
      reflectionData = "/* Could not access reflectionData */"
      classRedefinedCount = "/* Could not access classRedefinedCount */"
      genericInfo = "/* Could not access genericInfo */"
      EMPTY_CLASS_ARRAY = "/* Could not access EMPTY_CLASS_ARRAY */"
      serialVersionUID = "/* Could not access serialVersionUID */"
      serialPersistentFields = "/* Could not access serialPersistentFields */"
      reflectionFactory = "/* Could not access reflectionFactory */"
      enumConstants = "/* Could not access enumConstants */"
      enumConstantDirectory = "/* Could not access enumConstantDirectory */"
      annotationData = "/* Could not access annotationData */"
      annotationType = "/* Could not access annotationType */"
      classValueMap = "/* Could not access classValueMap */"
    staticSlots = class java.lang.Object[4]
      Object[0] = class com.ibm.ws.cdi.impl.weld.WebSphereCDIDeploymentImpl@32daf588
      Object[1] = class com.ibm.ws.injectionengine.osgi.internal.OSGiInjectionScopeData@2a3d2f54
      Object[2] = null
      Object[3] = null
    dynamicSlots = null
  appContainer = class com.ibm.ws.adaptable.module.internal.AdaptableContainerImpl@7bd9cd58
    root = class com.ibm.ws.adaptable.module.internal.AdaptableContainerImpl@7bd9cd58
    rootOverlay = class com.ibm.ws.artifact.overlay.internal.DirectoryBasedOverlayContainerImpl@45cf9882
      tc = class com.ibm.websphere.ras.TraceComponent@dc49a04
      base = class com.ibm.ws.artifact.loose.internal.LooseArchive@501ec162
      maskSet = class java.util.HashSet@70f7b2d8
      cfHolder = class com.ibm.ws.artifact.overlay.internal.OverlayContainerFactoryImpl@4f142062
      fileOverlayContainer = class com.ibm.ws.artifact.file.internal.FileContainer@24712254
      overlayDirectory = class java.io.File@64ac3de0
      cacheDirForOverlay = class java.io.File@429ff5c6
      overlayNotifier = class com.ibm.ws.artifact.overlay.internal.DirectoryBasedOverlayNotifier@7134bcde
      enclosingContainer = null
      entryInEnclosingContainer = null
      nestedOverlays = class java.util.concurrent.ConcurrentHashMap@f33ee3f
      cacheStore = class com.ibm.ws.artifact.overlay.internal.OverlayCache@22fd1e0f
      parentOverlay = null
      isPassThroughMode = true
      serialVersionUID = -8445278173803874173
    factoryHolder = class com.ibm.ws.adaptable.module.internal.AdaptableModuleFactoryImpl@564ce7ce
      adapterFactoryService = class com.ibm.ws.adaptable.module.internal.AdapterFactoryServiceImpl@3c31bb54
      containerFactory = class com.ibm.ws.artifact.internal.ArtifactContainerFactoryService@438944a8
      overlayContainerFactory = class com.ibm.ws.artifact.overlay.internal.OverlayContainerFactoryImpl@4f142062
      serialVersionUID = 4200251809856292987
      $$$tc$$$ = class com.ibm.websphere.ras.TraceComponent@3e375adf
    delegate = class com.ibm.ws.artifact.overlay.internal.DirectoryBasedOverlayContainerImpl@45cf9882
    notifier = class com.ibm.ws.adaptable.module.internal.NotifierImpl@1335621f
      root = class com.ibm.ws.adaptable.module.internal.AdaptableContainerImpl@7bd9cd58
      delegateNotifier = class com.ibm.ws.artifact.overlay.internal.DirectoryBasedOverlayNotifier@7134bcde
      delegateRoot = class com.ibm.ws.artifact.overlay.internal.DirectoryBasedOverlayContainerImpl@45cf9882
      listenerDelegates = class java.util.HashMap@3a866bc
      serialVersionUID = 6839382523957017880
      $$$tc$$$ = class com.ibm.websphere.ras.TraceComponent@2a68c098
    serialVersionUID = -5950528200509051684
    $$$tc$$$ = class com.ibm.websphere.ras.TraceComponent@f7e2ade
      strings[0] = "TraceComponent[com.ibm.ws.adaptable.module.internal.AdaptableContainerImpl,class com.ibm.ws.adaptable.module.internal.AdaptableContainerImpl,[archive.adaptable],null,null]"
  configHelper = class com.ibm.ws.app.manager.module.ApplicationNestedConfigHelper@69e88a05
    appInfo = class com.ibm.ws.app.manager.internal.ApplicationInstallInfo@38b8748e
    serialVersionUID = -3174031738676705046
    $$$tc$$$ = class com.ibm.websphere.ras.TraceComponent@6ea043bb
      strings[0] = "TraceComponent[com.ibm.ws.app.manager.module.ApplicationNestedConfigHelper,class com.ibm.ws.app.manager.module.ApplicationNestedConfigHelper,[applications, app.manager],null,null]"
  applicationInformation = class com.ibm.ws.app.manager.internal.ApplicationInstallInfo@38b8748e
    _config = class com.ibm.ws.app.manager.internal.ApplicationConfig@3834ba6
      tc = class com.ibm.websphere.ras.TraceComponent@44d672a2
      _configPid = "com.ibm.ws.app.manager_15"
      _config = class com.ibm.ws.config.admin.ConfigurationDictionary@3cb9daee
      _applicationManager = class com.ibm.ws.app.manager.ApplicationManager@67368a69
      _location = "C:\Users\karol\Desktop\projekty-ogolne\jakarta-lab-1\target\liberty\wlp\usr\servers\defaultServer\dropins\simple-rpg-1.0-SNAPSHOT.war"
      _type = "war"
      _name = "simple-rpg-1.0-SNAPSHOT"
      _notificationBroadcasterSupport = class javax.management.NotificationBroadcasterSupport@4f0de899
      ONE_TIME_JANDEX_MSGS_DISPLAYED = true
      serialVersionUID = -2151423388299667431
    _handlerInfo = class java.util.concurrent.atomic.AtomicReference@4c99d0b6
      serialVersionUID = "/* Could not access serialVersionUID */"
      VALUE = "/* Could not access VALUE */"
      value = "/* Could not access value */"
    _container = class java.util.concurrent.atomic.AtomicReference@25061b4d
      serialVersionUID = "/* Could not access serialVersionUID */"
      VALUE = "/* Could not access VALUE */"
      value = "/* Could not access value */"
    _resolvedLocation = class java.util.concurrent.atomic.AtomicReference@15986f46
      serialVersionUID = "/* Could not access serialVersionUID */"
      VALUE = "/* Could not access VALUE */"
      value = "/* Could not access value */"
    _handler = class com.ibm.ws.app.manager.war.internal.WARApplicationHandlerImpl@cdfd828
      futureMonitor = class com.ibm.ws.threading.internal.FutureMonitorImpl@31fbfb6
      deployedAppFactory = class com.ibm.ws.app.manager.war.internal.WARDeployedAppInfoFactoryImpl@27bb648d
      serialVersionUID = 4622845147410944782
      $$$tc$$$ = class com.ibm.websphere.ras.TraceComponent@67c5ce20
    _ami = class java.util.concurrent.atomic.AtomicReference@e41a565
      serialVersionUID = "/* Could not access serialVersionUID */"
      VALUE = "/* Could not access VALUE */"
      value = "/* Could not access value */"
    _updateHandler = class com.ibm.ws.app.manager.internal.statemachine.ApplicationStateMachineImpl@1b081b93
      _tc = class com.ibm.websphere.ras.TraceComponent@67f74cc6
      EMPTY_FUTURE_ARRAY = interface java.util.concurrent.Future[0]
      asmSequenceNumber = class java.util.concurrent.atomic.AtomicLong@1a379479
      _qscaCounter = class java.util.concurrent.atomic.AtomicInteger@a65d316
      _failedThrowable = null
      _interruptibleLock = class com.ibm.ws.app.manager.internal.statemachine.ApplicationStateMachineImpl$2@40a2a933
      _interruptible = false
      _performingQueuedActions = true
      _queuedActions = class java.util.concurrent.ConcurrentLinkedQueue@3cc132a6
      _callbackState = class java.util.concurrent.atomic.AtomicReference@1a73ed1b
      blockAppStartingFutures = class java.util.Collections$SetFromMap@3e2a6020
      waitingForAppHandlerFuture = class java.util.concurrent.atomic.AtomicReference@6b94bde7
      waitingForExplicitStartFuture = class java.util.concurrent.atomic.AtomicReference@5e75e631
      startAfterFutures = class java.util.Collections$SetFromMap@5b6bd3d1
      completionListener = class java.util.concurrent.atomic.AtomicReference@362d83fc
      _notifyAppStopped = class java.util.concurrent.ConcurrentLinkedQueue@78986b5b
      _notifyAppStarting = class java.util.concurrent.ConcurrentLinkedQueue@9ad4e17
      _notifyAppInstallCalled = class java.util.concurrent.ConcurrentLinkedQueue@cdde1a8
      _notifyAppStarted = class java.util.concurrent.ConcurrentLinkedQueue@5635a1ac
      _notifyAppRemoved = class java.util.concurrent.ConcurrentLinkedQueue@6d4cda82
      _stateLock = class com.ibm.ws.app.manager.internal.statemachine.ApplicationStateMachineImpl$3@ef2ecca
      _internalState = class java.util.concurrent.atomic.AtomicReference@6d418c1d
      _currentAction = class java.util.concurrent.atomic.AtomicReference@168268d8
      _rfa = class java.util.concurrent.atomic.AtomicReference@1d913840
      _appInstallInfo = class java.util.concurrent.atomic.AtomicReference@41c0384
      _update = class java.util.concurrent.atomic.AtomicBoolean@65dc567e
      _appConfig = class java.util.concurrent.atomic.AtomicReference@601d36b5
      _nextAppConfig = class java.util.concurrent.atomic.AtomicReference@745a51ce
      _appContainer = class java.util.concurrent.atomic.AtomicReference@103e7ce2
      _resolvedLocation = class java.util.concurrent.atomic.AtomicReference@17d6b73d
      _handler = class java.util.concurrent.atomic.AtomicReference@1ef793ec
      _asmSeqNo = 0
      _ctx = class org.eclipse.osgi.internal.framework.BundleContextImpl@2d0f011b
      _locAdmin = class com.ibm.ws.kernel.service.location.internal.WsLocationAdminImpl@388565dd
      _futureMonitor = class com.ibm.ws.threading.internal.FutureMonitorImpl@31fbfb6
      _artifactFactory = class com.ibm.ws.artifact.internal.ArtifactContainerFactoryService@438944a8
      _moduleFactory = class com.ibm.ws.adaptable.module.internal.AdaptableModuleFactoryImpl@564ce7ce
      _executorService = class com.ibm.ws.threading.internal.ExecutorServiceImpl@4750c21a
      _scheduledExecutorService = class com.ibm.ws.threading.internal.ScheduledExecutorImpl@38ac9b93
      _asmHelper = class com.ibm.ws.app.manager.internal.ApplicationConfigurator$NamedApplication@2000c196
      _appMonitor = class com.ibm.ws.app.manager.internal.monitor.ApplicationMonitor@5bbfc743
      _configurator = class com.ibm.ws.app.manager.internal.ApplicationConfigurator@1e8e1e92
      enterStateCalled = class java.util.concurrent.atomic.AtomicBoolean@79f2fc56
      serialVersionUID = 4458043999335554711
      serialVersionUID = -8760483717533387753
      $$$tc$$$ = class com.ibm.websphere.ras.TraceComponent@4b5b146e
    serialVersionUID = 2630639237123415755
    $$$tc$$$ = class com.ibm.websphere.ras.TraceComponent@6161405
      strings[0] = "TraceComponent[com.ibm.ws.app.manager.internal.ApplicationInstallInfo,class com.ibm.ws.app.manager.internal.ApplicationInstallInfo,[applications, app.manager],com.ibm.ws.app.manager.internal.resources.AppManagerMessages,null]"
  serialVersionUID = 5227817860647895780
  $$$tc$$$ = class com.ibm.websphere.ras.TraceComponent@4b827659
    strings[0] = "TraceComponent[com.ibm.ws.container.service.app.deploy.internal.ApplicationInfoImpl,class com.ibm.ws.container.service.app.deploy.internal.ApplicationInfoImpl,[container.service],com.ibm.ws.container.service.resources.Messages,null]"

