------Start of DE processing------ = [24.10.2022, 22:52:47:560 CEST]
Exception = org.jboss.weld.exceptions.DeploymentException
Source = com.ibm.ws.container.service.state.internal.ApplicationStateManager
probeid = 54
Stack Dump = org.jboss.weld.exceptions.DeploymentException: WELD-001408: Unsatisfied dependencies for type UserService with qualifiers @Default
  at injection point [BackedAnnotatedParameter] Parameter 1 of [BackedAnnotatedConstructor] @Inject public pl.edu.pg.eti.kask.rpg.InitData(UserService)
  at pl.edu.pg.eti.kask.rpg.InitData.<init>(InitData.java:0)
WELD-001474: Class pl.edu.pg.eti.kask.rpg.social.network.service.UserService is on the classpath, but was ignored because a class it references was not found: pl.edu.pg.eti.kask.rpg.repository.Repository.

	at org.jboss.weld.bootstrap.Validator.validateInjectionPointForDeploymentProblems(Validator.java:378)
	at org.jboss.weld.bootstrap.Validator.validateInjectionPoint(Validator.java:290)
	at org.jboss.weld.bootstrap.Validator.validateGeneralBean(Validator.java:143)
	at org.jboss.weld.bootstrap.Validator.validateRIBean(Validator.java:164)
	at org.jboss.weld.bootstrap.Validator.validateBean(Validator.java:526)
	at org.jboss.weld.bootstrap.ConcurrentValidator$1.doWork(ConcurrentValidator.java:64)
	at org.jboss.weld.bootstrap.ConcurrentValidator$1.doWork(ConcurrentValidator.java:62)
	at org.jboss.weld.executor.IterativeWorkerTaskFactory$1.call(IterativeWorkerTaskFactory.java:62)
	at org.jboss.weld.executor.IterativeWorkerTaskFactory$1.call(IterativeWorkerTaskFactory.java:55)
	at java.base/java.util.concurrent.FutureTask.run(FutureTask.java:264)
	at java.base/java.util.concurrent.ThreadPoolExecutor.runWorker(ThreadPoolExecutor.java:1128)
	at java.base/java.util.concurrent.ThreadPoolExecutor$Worker.run(ThreadPoolExecutor.java:628)
	at java.base/java.lang.Thread.run(Thread.java:834)

Dump of callerThis
Object type = com.ibm.ws.container.service.state.internal.ApplicationStateManager
  serialVersionUID = -6685368059484454124
  $$$tc$$$ = class com.ibm.websphere.ras.TraceComponent@ca6dd1b
    strings[0] = "TraceComponent[com.ibm.ws.container.service.state.internal.ApplicationStateManager,class com.ibm.ws.container.service.state.internal.ApplicationStateManager,[Runtime],null,null]"
  listeners = class com.ibm.wsspi.kernel.service.utils.ConcurrentServiceReferenceSet@628293bb
    referenceName = "applicationStateListeners"
    contextRef = class java.util.concurrent.atomic.AtomicReference@1150f848
      serialVersionUID = "/* Could not access serialVersionUID */"
      VALUE = "/* Could not access VALUE */"
      value = "/* Could not access value */"
    elementMap = class java.util.LinkedHashMap@7f14c1f8
      serialVersionUID = "/* Could not access serialVersionUID */"
      head = "/* Could not access head */"
      tail = "/* Could not access tail */"
      accessOrder = "/* Could not access accessOrder */"
      serialVersionUID = "/* Could not access serialVersionUID */"
      DEFAULT_INITIAL_CAPACITY = "/* Could not access DEFAULT_INITIAL_CAPACITY */"
      MAXIMUM_CAPACITY = "/* Could not access MAXIMUM_CAPACITY */"
      DEFAULT_LOAD_FACTOR = "/* Could not access DEFAULT_LOAD_FACTOR */"
      TREEIFY_THRESHOLD = "/* Could not access TREEIFY_THRESHOLD */"
      UNTREEIFY_THRESHOLD = "/* Could not access UNTREEIFY_THRESHOLD */"
      MIN_TREEIFY_CAPACITY = "/* Could not access MIN_TREEIFY_CAPACITY */"
      table = "/* Could not access table */"
      entrySet = "/* Could not access entrySet */"
      size = "/* Could not access size */"
      modCount = "/* Could not access modCount */"
      threshold = "/* Could not access threshold */"
      loadFactor = "/* Could not access loadFactor */"
      keySet = "/* Could not access keySet */"
      values = "/* Could not access values */"
    elementSet = class java.util.concurrent.ConcurrentSkipListSet@2ae6ffd4
      serialVersionUID = "/* Could not access serialVersionUID */"
      m = "/* Could not access m */"
      MAX_ARRAY_SIZE = "/* Could not access MAX_ARRAY_SIZE */"
    elementSetUnsorted = false
    serialVersionUID = 756240983881166148
    $$$tc$$$ = class com.ibm.websphere.ras.TraceComponent@2e13100e
      strings[0] = "TraceComponent[com.ibm.wsspi.kernel.service.utils.ConcurrentServiceReferenceSet,class com.ibm.wsspi.kernel.service.utils.ConcurrentServiceReferenceSet,[kernelUtils],com.ibm.ws.kernel.service.utils.resources.ServiceMessages,null]"
  serialVersionUID = 2284273176985484160
  $$$tc$$$ = class com.ibm.websphere.ras.TraceComponent@7082db1e
    strings[0] = "TraceComponent[com.ibm.ws.container.service.state.internal.StateChangeManager,class com.ibm.ws.container.service.state.internal.StateChangeManager,[Runtime],null,null]"

Dump of objectArray[0]
Object type = com.ibm.ws.container.service.app.deploy.internal.ApplicationInfoImpl
  appName = "simple-rpg-1.0-SNAPSHOT"
  appMetaData = class com.ibm.ws.container.service.app.deploy.internal.ApplicationMetaDataImpl@13c99cb1
    j2eeName = class com.ibm.ws.container.service.metadata.internal.J2EENameImpl@e690fe9
      serialVersionUID = 7488184044073147667
      application = "simple-rpg-1.0-SNAPSHOT"
      module = null
      component = null
      string = "simple-rpg-1.0-SNAPSHOT"
      j2eeNameBytes = null
      $$$tc$$$ = class com.ibm.websphere.ras.TraceComponent@28a2c289
    serialVersionUID = -7906531148367236579
    $$$tc$$$ = class com.ibm.websphere.ras.TraceComponent@6ef15ecc
      strings[0] = "TraceComponent[com.ibm.ws.container.service.app.deploy.internal.ApplicationMetaDataImpl,class com.ibm.ws.container.service.app.deploy.internal.ApplicationMetaDataImpl,[container.service],com.ibm.ws.container.service.resources.Messages,null]"
    tc = class com.ibm.websphere.ras.TraceComponent@508a4a0e
      strings[0] = "TraceComponent[com.ibm.ws.runtime.metadata.MetaDataImpl,class com.ibm.ws.runtime.metadata.MetaDataImpl,[Runtime],null,null]"
    NUM_STATIC_SLOTS = 4
    ID_UNINITIALIZED = -1
    id = 0
    metaDataInterface = class java.lang.Class@69657285
      ANNOTATION = "/* Could not access ANNOTATION */"
      ENUM = "/* Could not access ENUM */"
      SYNTHETIC = "/* Could not access SYNTHETIC */"
      cachedConstructor = "/* Could not access cachedConstructor */"
      newInstanceCallerCache = "/* Could not access newInstanceCallerCache */"
      name = "/* Could not access name */"
      module = "/* Could not access module */"
      packageName = "/* Could not access packageName */"
      componentType = "/* Could not access componentType */"
      allPermDomain = "/* Could not access allPermDomain */"
      reflectionData = "/* Could not access reflectionData */"
      classRedefinedCount = "/* Could not access classRedefinedCount */"
      genericInfo = "/* Could not access genericInfo */"
      EMPTY_CLASS_ARRAY = "/* Could not access EMPTY_CLASS_ARRAY */"
      serialVersionUID = "/* Could not access serialVersionUID */"
      serialPersistentFields = "/* Could not access serialPersistentFields */"
      reflectionFactory = "/* Could not access reflectionFactory */"
      enumConstants = "/* Could not access enumConstants */"
      enumConstantDirectory = "/* Could not access enumConstantDirectory */"
      annotationData = "/* Could not access annotationData */"
      annotationType = "/* Could not access annotationType */"
      classValueMap = "/* Could not access classValueMap */"
    staticSlots = class java.lang.Object[4]
      Object[0] = class com.ibm.ws.cdi.impl.weld.WebSphereCDIDeploymentImpl@2d240922
      Object[1] = class com.ibm.ws.injectionengine.osgi.internal.OSGiInjectionScopeData@3bad8c42
      Object[2] = null
      Object[3] = null
    dynamicSlots = null
  appContainer = class com.ibm.ws.adaptable.module.internal.AdaptableContainerImpl@a0c2fdb
    root = class com.ibm.ws.adaptable.module.internal.AdaptableContainerImpl@a0c2fdb
    rootOverlay = class com.ibm.ws.artifact.overlay.internal.DirectoryBasedOverlayContainerImpl@5dff93c9
      tc = class com.ibm.websphere.ras.TraceComponent@114d0f01
      base = class com.ibm.ws.artifact.loose.internal.LooseArchive@4f880061
      maskSet = class java.util.HashSet@1c423e77
      cfHolder = class com.ibm.ws.artifact.overlay.internal.OverlayContainerFactoryImpl@2f5ae621
      fileOverlayContainer = class com.ibm.ws.artifact.file.internal.FileContainer@683e3427
      overlayDirectory = class java.io.File@10adbcef
      cacheDirForOverlay = class java.io.File@1f292d93
      overlayNotifier = class com.ibm.ws.artifact.overlay.internal.DirectoryBasedOverlayNotifier@31aec69c
      enclosingContainer = null
      entryInEnclosingContainer = null
      nestedOverlays = class java.util.concurrent.ConcurrentHashMap@12950987
      cacheStore = class com.ibm.ws.artifact.overlay.internal.OverlayCache@b9388fe
      parentOverlay = null
      isPassThroughMode = true
      serialVersionUID = -8445278173803874173
    factoryHolder = class com.ibm.ws.adaptable.module.internal.AdaptableModuleFactoryImpl@39747b20
      adapterFactoryService = class com.ibm.ws.adaptable.module.internal.AdapterFactoryServiceImpl@4246c9d9
      containerFactory = class com.ibm.ws.artifact.internal.ArtifactContainerFactoryService@30cfcd88
      overlayContainerFactory = class com.ibm.ws.artifact.overlay.internal.OverlayContainerFactoryImpl@2f5ae621
      serialVersionUID = 4200251809856292987
      $$$tc$$$ = class com.ibm.websphere.ras.TraceComponent@75c17c7f
    delegate = class com.ibm.ws.artifact.overlay.internal.DirectoryBasedOverlayContainerImpl@5dff93c9
    notifier = class com.ibm.ws.adaptable.module.internal.NotifierImpl@660744ab
      root = class com.ibm.ws.adaptable.module.internal.AdaptableContainerImpl@a0c2fdb
      delegateNotifier = class com.ibm.ws.artifact.overlay.internal.DirectoryBasedOverlayNotifier@31aec69c
      delegateRoot = class com.ibm.ws.artifact.overlay.internal.DirectoryBasedOverlayContainerImpl@5dff93c9
      listenerDelegates = class java.util.HashMap@35b325be
      serialVersionUID = 6839382523957017880
      $$$tc$$$ = class com.ibm.websphere.ras.TraceComponent@520db9cf
    serialVersionUID = -5950528200509051684
    $$$tc$$$ = class com.ibm.websphere.ras.TraceComponent@6137314f
      strings[0] = "TraceComponent[com.ibm.ws.adaptable.module.internal.AdaptableContainerImpl,class com.ibm.ws.adaptable.module.internal.AdaptableContainerImpl,[archive.adaptable],null,null]"
  configHelper = class com.ibm.ws.app.manager.module.ApplicationNestedConfigHelper@e4cd943
    appInfo = class com.ibm.ws.app.manager.internal.ApplicationInstallInfo@2f91ca8c
    serialVersionUID = -3174031738676705046
    $$$tc$$$ = class com.ibm.websphere.ras.TraceComponent@57f5892c
      strings[0] = "TraceComponent[com.ibm.ws.app.manager.module.ApplicationNestedConfigHelper,class com.ibm.ws.app.manager.module.ApplicationNestedConfigHelper,[applications, app.manager],null,null]"
  applicationInformation = class com.ibm.ws.app.manager.internal.ApplicationInstallInfo@2f91ca8c
    _config = class com.ibm.ws.app.manager.internal.ApplicationConfig@2f94c62e
      tc = class com.ibm.websphere.ras.TraceComponent@64422361
      _configPid = "com.ibm.ws.app.manager_15"
      _config = class com.ibm.ws.config.admin.ConfigurationDictionary@7e7be4b3
      _applicationManager = class com.ibm.ws.app.manager.ApplicationManager@4e0d4fb7
      _location = "C:\Users\karol\Desktop\projekty-ogolne\jakarta-lab-1\target\liberty\wlp\usr\servers\defaultServer\dropins\simple-rpg-1.0-SNAPSHOT.war"
      _type = "war"
      _name = "simple-rpg-1.0-SNAPSHOT"
      _notificationBroadcasterSupport = class javax.management.NotificationBroadcasterSupport@51a27360
      ONE_TIME_JANDEX_MSGS_DISPLAYED = true
      serialVersionUID = -2151423388299667431
    _handlerInfo = class java.util.concurrent.atomic.AtomicReference@6b5527bf
      serialVersionUID = "/* Could not access serialVersionUID */"
      VALUE = "/* Could not access VALUE */"
      value = "/* Could not access value */"
    _container = class java.util.concurrent.atomic.AtomicReference@b1a670f
      serialVersionUID = "/* Could not access serialVersionUID */"
      VALUE = "/* Could not access VALUE */"
      value = "/* Could not access value */"
    _resolvedLocation = class java.util.concurrent.atomic.AtomicReference@46c6bd0e
      serialVersionUID = "/* Could not access serialVersionUID */"
      VALUE = "/* Could not access VALUE */"
      value = "/* Could not access value */"
    _handler = class com.ibm.ws.app.manager.war.internal.WARApplicationHandlerImpl@4feab64e
      futureMonitor = class com.ibm.ws.threading.internal.FutureMonitorImpl@2667cd1f
      deployedAppFactory = class com.ibm.ws.app.manager.war.internal.WARDeployedAppInfoFactoryImpl@3c25475b
      serialVersionUID = 4622845147410944782
      $$$tc$$$ = class com.ibm.websphere.ras.TraceComponent@68600a4a
    _ami = class java.util.concurrent.atomic.AtomicReference@d4008d3
      serialVersionUID = "/* Could not access serialVersionUID */"
      VALUE = "/* Could not access VALUE */"
      value = "/* Could not access value */"
    _updateHandler = class com.ibm.ws.app.manager.internal.statemachine.ApplicationStateMachineImpl@55ba246b
      _tc = class com.ibm.websphere.ras.TraceComponent@7ad4c079
      EMPTY_FUTURE_ARRAY = interface java.util.concurrent.Future[0]
      asmSequenceNumber = class java.util.concurrent.atomic.AtomicLong@7c70278d
      _qscaCounter = class java.util.concurrent.atomic.AtomicInteger@50c27368
      _failedThrowable = null
      _interruptibleLock = class com.ibm.ws.app.manager.internal.statemachine.ApplicationStateMachineImpl$2@5da21d4b
      _interruptible = false
      _performingQueuedActions = true
      _queuedActions = class java.util.concurrent.ConcurrentLinkedQueue@778b57b4
      _callbackState = class java.util.concurrent.atomic.AtomicReference@3411331e
      blockAppStartingFutures = class java.util.Collections$SetFromMap@79942892
      waitingForAppHandlerFuture = class java.util.concurrent.atomic.AtomicReference@215f69dc
      waitingForExplicitStartFuture = class java.util.concurrent.atomic.AtomicReference@c44bcb4
      startAfterFutures = class java.util.Collections$SetFromMap@31f0e7e1
      completionListener = class java.util.concurrent.atomic.AtomicReference@69f899f5
      _notifyAppStopped = class java.util.concurrent.ConcurrentLinkedQueue@33b30c9f
      _notifyAppStarting = class java.util.concurrent.ConcurrentLinkedQueue@1abbb741
      _notifyAppInstallCalled = class java.util.concurrent.ConcurrentLinkedQueue@2c428418
      _notifyAppStarted = class java.util.concurrent.ConcurrentLinkedQueue@1d89754
      _notifyAppRemoved = class java.util.concurrent.ConcurrentLinkedQueue@2aa4b404
      _stateLock = class com.ibm.ws.app.manager.internal.statemachine.ApplicationStateMachineImpl$3@6de21fae
      _internalState = class java.util.concurrent.atomic.AtomicReference@5538244e
      _currentAction = class java.util.concurrent.atomic.AtomicReference@109f7b8a
      _rfa = class java.util.concurrent.atomic.AtomicReference@1f14f909
      _appInstallInfo = class java.util.concurrent.atomic.AtomicReference@62f68a2a
      _update = class java.util.concurrent.atomic.AtomicBoolean@7678d86e
      _appConfig = class java.util.concurrent.atomic.AtomicReference@1d50be00
      _nextAppConfig = class java.util.concurrent.atomic.AtomicReference@2534d012
      _appContainer = class java.util.concurrent.atomic.AtomicReference@73c5b944
      _resolvedLocation = class java.util.concurrent.atomic.AtomicReference@43ceb4fa
      _handler = class java.util.concurrent.atomic.AtomicReference@5bf6a23d
      _asmSeqNo = 0
      _ctx = class org.eclipse.osgi.internal.framework.BundleContextImpl@d357bf7
      _locAdmin = class com.ibm.ws.kernel.service.location.internal.WsLocationAdminImpl@690c0c4
      _futureMonitor = class com.ibm.ws.threading.internal.FutureMonitorImpl@2667cd1f
      _artifactFactory = class com.ibm.ws.artifact.internal.ArtifactContainerFactoryService@30cfcd88
      _moduleFactory = class com.ibm.ws.adaptable.module.internal.AdaptableModuleFactoryImpl@39747b20
      _executorService = class com.ibm.ws.threading.internal.ExecutorServiceImpl@67006ed6
      _scheduledExecutorService = class com.ibm.ws.threading.internal.ScheduledExecutorImpl@5e4666e6
      _asmHelper = class com.ibm.ws.app.manager.internal.ApplicationConfigurator$NamedApplication@2529e57a
      _appMonitor = class com.ibm.ws.app.manager.internal.monitor.ApplicationMonitor@cbd81fa
      _configurator = class com.ibm.ws.app.manager.internal.ApplicationConfigurator@319ead55
      enterStateCalled = class java.util.concurrent.atomic.AtomicBoolean@cabe649
      serialVersionUID = 4458043999335554711
      serialVersionUID = -8760483717533387753
      $$$tc$$$ = class com.ibm.websphere.ras.TraceComponent@40adc8a3
    serialVersionUID = 2630639237123415755
    $$$tc$$$ = class com.ibm.websphere.ras.TraceComponent@415f8d3
      strings[0] = "TraceComponent[com.ibm.ws.app.manager.internal.ApplicationInstallInfo,class com.ibm.ws.app.manager.internal.ApplicationInstallInfo,[applications, app.manager],com.ibm.ws.app.manager.internal.resources.AppManagerMessages,null]"
  serialVersionUID = 5227817860647895780
  $$$tc$$$ = class com.ibm.websphere.ras.TraceComponent@57579ceb
    strings[0] = "TraceComponent[com.ibm.ws.container.service.app.deploy.internal.ApplicationInfoImpl,class com.ibm.ws.container.service.app.deploy.internal.ApplicationInfoImpl,[container.service],com.ibm.ws.container.service.resources.Messages,null]"

