------Start of DE processing------ = [24.10.2022, 22:52:47:592 CEST]
Exception = com.ibm.ws.container.service.state.StateChangeException
Source = com.ibm.ws.app.manager.module.internal.SimpleDeployedAppInfoBase
probeid = 548
Stack Dump = com.ibm.ws.container.service.state.StateChangeException: org.jboss.weld.exceptions.DeploymentException: WELD-001408: Unsatisfied dependencies for type UserService with qualifiers @Default
  at injection point [BackedAnnotatedParameter] Parameter 1 of [BackedAnnotatedConstructor] @Inject public pl.edu.pg.eti.kask.rpg.InitData(UserService)
  at pl.edu.pg.eti.kask.rpg.InitData.<init>(InitData.java:0)
WELD-001474: Class pl.edu.pg.eti.kask.rpg.social.network.service.UserService is on the classpath, but was ignored because a class it references was not found: pl.edu.pg.eti.kask.rpg.repository.Repository.

	at com.ibm.ws.container.service.state.internal.ApplicationStateManager.fireStarting(ApplicationStateManager.java:55)
	at com.ibm.ws.container.service.state.internal.StateChangeServiceImpl.fireApplicationStarting(StateChangeServiceImpl.java:50)
	at com.ibm.ws.app.manager.module.internal.SimpleDeployedAppInfoBase.preDeployApp(SimpleDeployedAppInfoBase.java:547)
	at com.ibm.ws.app.manager.module.internal.SimpleDeployedAppInfoBase.installApp(SimpleDeployedAppInfoBase.java:508)
	at com.ibm.ws.app.manager.module.internal.DeployedAppInfoBase.deployApp(DeployedAppInfoBase.java:349)
	at com.ibm.ws.app.manager.war.internal.WARApplicationHandlerImpl.install(WARApplicationHandlerImpl.java:65)
	at com.ibm.ws.app.manager.internal.statemachine.StartAction.execute(StartAction.java:161)
	at com.ibm.ws.app.manager.internal.statemachine.ApplicationStateMachineImpl.enterState(ApplicationStateMachineImpl.java:1357)
	at com.ibm.ws.app.manager.internal.statemachine.ApplicationStateMachineImpl.run(ApplicationStateMachineImpl.java:901)
	at com.ibm.ws.threading.internal.ExecutorServiceImpl$RunnableWrapper.run(ExecutorServiceImpl.java:245)
	at java.base/java.util.concurrent.ThreadPoolExecutor.runWorker(ThreadPoolExecutor.java:1128)
	at java.base/java.util.concurrent.ThreadPoolExecutor$Worker.run(ThreadPoolExecutor.java:628)
	at java.base/java.lang.Thread.run(Thread.java:834)
Caused by: org.jboss.weld.exceptions.DeploymentException: WELD-001408: Unsatisfied dependencies for type UserService with qualifiers @Default
  at injection point [BackedAnnotatedParameter] Parameter 1 of [BackedAnnotatedConstructor] @Inject public pl.edu.pg.eti.kask.rpg.InitData(UserService)
  at pl.edu.pg.eti.kask.rpg.InitData.<init>(InitData.java:0)
WELD-001474: Class pl.edu.pg.eti.kask.rpg.social.network.service.UserService is on the classpath, but was ignored because a class it references was not found: pl.edu.pg.eti.kask.rpg.repository.Repository.

	at org.jboss.weld.bootstrap.Validator.validateInjectionPointForDeploymentProblems(Validator.java:378)
	at org.jboss.weld.bootstrap.Validator.validateInjectionPoint(Validator.java:290)
	at org.jboss.weld.bootstrap.Validator.validateGeneralBean(Validator.java:143)
	at org.jboss.weld.bootstrap.Validator.validateRIBean(Validator.java:164)
	at org.jboss.weld.bootstrap.Validator.validateBean(Validator.java:526)
	at org.jboss.weld.bootstrap.ConcurrentValidator$1.doWork(ConcurrentValidator.java:64)
	at org.jboss.weld.bootstrap.ConcurrentValidator$1.doWork(ConcurrentValidator.java:62)
	at org.jboss.weld.executor.IterativeWorkerTaskFactory$1.call(IterativeWorkerTaskFactory.java:62)
	at org.jboss.weld.executor.IterativeWorkerTaskFactory$1.call(IterativeWorkerTaskFactory.java:55)
	at java.base/java.util.concurrent.FutureTask.run(FutureTask.java:264)
	... 3 more

Dump of callerThis
Object type = com.ibm.ws.app.manager.war.internal.WARDeployedAppInfo
  CONTEXT_ROOT = "context-root"
  webContainerModuleInfo = class com.ibm.ws.app.manager.module.internal.SimpleDeployedAppInfoBase$WebModuleContainerInfo@7f1edd69
    contextRoot = "/simple-rpg"
    defaultContextRoot = "simple-rpg-1.0-SNAPSHOT"
    serialVersionUID = 4617657913043497664
    $$$tc$$$ = class com.ibm.websphere.ras.TraceComponent@2963b42e
      strings[0] = "TraceComponent[com.ibm.ws.app.manager.module.internal.SimpleDeployedAppInfoBase$WebModuleContainerInfo,class com.ibm.ws.app.manager.module.internal.SimpleDeployedAppInfoBase$WebModuleContainerInfo,[applications, app.manager],null,null]"
    moduleHandler = class com.ibm.ws.app.manager.web.internal.WebModuleHandlerImpl@1902f635
      serialVersionUID = 4795602325763828210
      $$$tc$$$ = class com.ibm.websphere.ras.TraceComponent@77b70695
      futureMonitor = class com.ibm.ws.threading.internal.FutureMonitorImpl@2667cd1f
      metaDataService = class com.ibm.ws.container.service.metadata.internal.MetaDataServiceImpl@716a5c49
      stateChangeService = class com.ibm.ws.container.service.state.internal.StateChangeServiceImpl@141e1c4e
      moduleRuntimeContainer = class com.ibm.ws.webcontainer.osgi.WebContainer@7016a85c
      firstFailure = null
      serialVersionUID = -4563697739413190872
      $$$tc$$$ = class com.ibm.websphere.ras.TraceComponent@1f189eea
    moduleMetaDataExtenders = class java.util.Collections$UnmodifiableRandomAccessList@28a3713d
      serialVersionUID = "/* Could not access serialVersionUID */"
      serialVersionUID = "/* Could not access serialVersionUID */"
      list = "/* Could not access list */"
      serialVersionUID = "/* Could not access serialVersionUID */"
      c = "/* Could not access c */"
    nestedModuleMetaDataFactories = class java.util.Collections$UnmodifiableRandomAccessList@38120c38
      serialVersionUID = "/* Could not access serialVersionUID */"
      serialVersionUID = "/* Could not access serialVersionUID */"
      list = "/* Could not access list */"
      serialVersionUID = "/* Could not access serialVersionUID */"
      c = "/* Could not access c */"
    nestedModules = null
    moduleName = "simple-rpg-1.0-SNAPSHOT"
    moduleDD = class com.ibm.ws.javaee.ddmodel.web.common.WebAppType@15bf035f
      version = class com.ibm.ws.javaee.ddmodel.TokenType@3a909545
      metadata_complete = null
      module_name = null
      absolute_ordering = null
      serialVersionUID = 4092807504738198665
      $$$tc$$$ = class com.ibm.websphere.ras.TraceComponent@46526c57
      description = null
      display_name = null
      icon = null
      distributable = null
      context_param = null
      filter = null
      filter_mapping = null
      listener = null
      servlet = null
      servlet_mapping = null
      session_config = null
      mime_mapping = null
      welcome_file_list = null
      error_page = null
      jsp_config = null
      security_constraint = null
      deny_uncovered_http_methods = null
      login_config = null
      security_role = null
      message_destination = null
      locale_encoding_mapping_list = null
      default_context_path = null
      request_encoding = null
      response_encoding = null
      servletNameToServletMap = null
      filterNameToFilterMap = null
      ejbRefNameToEJBLocalRefMap = null
      ejbRefNameToEJBRefMap = null
      resourceEnvRefNameToResourceEnvRefMap = null
      messageDestinationRefNameToMessageDestinationRefMap = null
      resRefNameToResourceRefMap = null
      envEntryNameToEnvEntryMap = null
      roleNameToSecurityRoleMap = null
      roleLinkToSecurityRoleRefMap = null
      handlerNameToHandlerMap = null
      path = "WEB-INF/web.xml"
      idMap = class com.ibm.ws.javaee.ddmodel.DDParser$ComponentIDMap@4b677a2c
      serialVersionUID = 5321339975883512588
      $$$tc$$$ = class com.ibm.websphere.ras.TraceComponent@6782b88
      post_construct = null
      pre_destroy = null
      serialVersionUID = 1102064201943992836
      $$$tc$$$ = class com.ibm.websphere.ras.TraceComponent@e17466c
      env_entry = class com.ibm.ws.javaee.ddmodel.common.EnvEntryType$ListType@7ef8e9fd
      ejb_ref = null
      ejb_local_ref = null
      resource_ref = null
      resource_env_ref = null
      message_destination_ref = null
      persistence_context_ref = null
      persistence_unit_ref = null
      data_source = null
      jms_connection_factory = null
      jms_destination = null
      mail_session = null
      connection_factory = null
      administered_object = null
      context_service = null
      managed_executor = null
      managed_scheduled_executor = null
      managed_thread_factory = null
      serialVersionUID = -4864135339185986387
      $$$tc$$$ = class com.ibm.websphere.ras.TraceComponent@6d32459d
      service_ref = null
      serialVersionUID = -6199862059825607270
      $$$tc$$$ = class com.ibm.websphere.ras.TraceComponent@7ac745bd
      nilled = false
      serialVersionUID = -2826386306561723362
      $$$tc$$$ = class com.ibm.websphere.ras.TraceComponent@7b7e632d
    moduleInfo = class com.ibm.ws.app.manager.module.internal.WebModuleInfoImpl@59903c3e
      contextRoot = "/simple-rpg"
      isDefaultContextRootUsed = false
      defaultContextRoot = "simple-rpg-1.0-SNAPSHOT"
      serialVersionUID = -6699247856069243844
      $$$tc$$$ = class com.ibm.websphere.ras.TraceComponent@3128395e
      tc = class com.ibm.websphere.ras.TraceComponent@4eeafacb
      appInfo = class com.ibm.ws.container.service.app.deploy.internal.ApplicationInfoImpl@10021828
      moduleName = "simple-rpg-1.0-SNAPSHOT"
      path = "simple-rpg-1.0-SNAPSHOT.war"
      moduleContainer = class com.ibm.ws.adaptable.module.internal.AdaptableContainerImpl@a0c2fdb
      altDDEntry = null
      moduleClassesContainers = class java.util.ArrayList@6a0973cd
      classLoaderFactory = class com.ibm.ws.app.manager.war.internal.WARDeployedAppInfo@56075a51
      containerInfoType = class com.ibm.ws.container.service.app.deploy.ContainerInfo$Type@5910cb4b
      classLoader = class com.ibm.ws.classloading.internal.AppClassLoader@e9e331e
      moduleMetaData = class com.ibm.ws.webcontainer.osgi.metadata.WebModuleMetaDataImpl@666eb658
      nestedModuleMetaDataTypes = null
      nestedModuleMetaDataValues = null
      serialVersionUID = 3986734351620206554
    serialVersionUID = 5122721995888983779
    $$$tc$$$ = class com.ibm.websphere.ras.TraceComponent@3eef7afb
      strings[0] = "TraceComponent[com.ibm.ws.app.manager.module.internal.SimpleDeployedAppInfoBase$ModuleContainerInfoBase,class com.ibm.ws.app.manager.module.internal.SimpleDeployedAppInfoBase$ModuleContainerInfoBase,[applications, app.manager],null,null]"
    type = class com.ibm.ws.container.service.app.deploy.ContainerInfo$Type@5910cb4b
      MANIFEST_CLASSPATH = class com.ibm.ws.container.service.app.deploy.ContainerInfo$Type@17c90913
      WEB_INF_CLASSES = class com.ibm.ws.container.service.app.deploy.ContainerInfo$Type@67b4e280
      WEB_INF_LIB = class com.ibm.ws.container.service.app.deploy.ContainerInfo$Type@38697ba1
      EAR_LIB = class com.ibm.ws.container.service.app.deploy.ContainerInfo$Type@1ecdf2b3
      WEB_MODULE = class com.ibm.ws.container.service.app.deploy.ContainerInfo$Type@5910cb4b
      EJB_MODULE = class com.ibm.ws.container.service.app.deploy.ContainerInfo$Type@4113e1e8
      CLIENT_MODULE = class com.ibm.ws.container.service.app.deploy.ContainerInfo$Type@173aba8
      RAR_MODULE = class com.ibm.ws.container.service.app.deploy.ContainerInfo$Type@72b47c54
      JAR_MODULE = class com.ibm.ws.container.service.app.deploy.ContainerInfo$Type@39d50db
      SHARED_LIB = class com.ibm.ws.container.service.app.deploy.ContainerInfo$Type@5d5ffde1
      $VALUES = class com.ibm.ws.container.service.app.deploy.ContainerInfo$Type[10]
      name = "/* Could not access name */"
      ordinal = "/* Could not access ordinal */"
    name = "simple-rpg-1.0-SNAPSHOT.war"
    container = class com.ibm.ws.adaptable.module.internal.AdaptableContainerImpl@a0c2fdb
    moduleClassLoaderFactory = class com.ibm.ws.app.manager.war.internal.WARDeployedAppInfo@56075a51
    altDDEntry = null
    classesContainerInfo = class java.util.ArrayList@6a0973cd
      serialVersionUID = "/* Could not access serialVersionUID */"
      DEFAULT_CAPACITY = "/* Could not access DEFAULT_CAPACITY */"
      EMPTY_ELEMENTDATA = "/* Could not access EMPTY_ELEMENTDATA */"
      DEFAULTCAPACITY_EMPTY_ELEMENTDATA = "/* Could not access DEFAULTCAPACITY_EMPTY_ELEMENTDATA */"
      elementData = "/* Could not access elementData */"
      size = "/* Could not access size */"
      MAX_ARRAY_SIZE = "/* Could not access MAX_ARRAY_SIZE */"
      modCount = "/* Could not access modCount */"
      MAX_ARRAY_SIZE = "/* Could not access MAX_ARRAY_SIZE */"
    serialVersionUID = 4636874131959542427
    $$$tc$$$ = class com.ibm.websphere.ras.TraceComponent@4a064025
      strings[0] = "TraceComponent[com.ibm.ws.app.manager.module.internal.SimpleDeployedAppInfoBase$ExtendedContainerInfo,class com.ibm.ws.app.manager.module.internal.SimpleDeployedAppInfoBase$ExtendedContainerInfo,[applications, app.manager],null,null]"
  DYNAMIC_IMPORT_PACKAGE_LIST = class java.util.Collections$UnmodifiableRandomAccessList@69aab9f3
    serialVersionUID = "/* Could not access serialVersionUID */"
    serialVersionUID = "/* Could not access serialVersionUID */"
    list = "/* Could not access list */"
    serialVersionUID = "/* Could not access serialVersionUID */"
    c = "/* Could not access c */"
  serialVersionUID = 6176035338244935179
  $$$tc$$$ = class com.ibm.websphere.ras.TraceComponent@6f9cc00e
    strings[0] = "TraceComponent[com.ibm.ws.app.manager.war.internal.WARDeployedAppInfo,class com.ibm.ws.app.manager.war.internal.WARDeployedAppInfo,[webcontainer, applications, app.manager],com.ibm.ws.app.manager.war.internal.resources.Messages,null]"
  _tc = class com.ibm.websphere.ras.TraceComponent@1edf5bef
    strings[0] = "TraceComponent[com.ibm.ws.app.manager.module.internal.DeployedAppInfoBase,class com.ibm.ws.app.manager.module.internal.DeployedAppInfoBase,[app.manager],com.ibm.ws.app.manager.module.internal.resources.Messages,null]"
  PERMISSION_XML = "permissions.xml"
  applicationInformation = class com.ibm.ws.app.manager.internal.ApplicationInstallInfo@2f91ca8c
    _config = class com.ibm.ws.app.manager.internal.ApplicationConfig@2f94c62e
      tc = class com.ibm.websphere.ras.TraceComponent@64422361
      _configPid = "com.ibm.ws.app.manager_15"
      _config = class com.ibm.ws.config.admin.ConfigurationDictionary@7e7be4b3
      _applicationManager = class com.ibm.ws.app.manager.ApplicationManager@4e0d4fb7
      _location = "C:\Users\karol\Desktop\projekty-ogolne\jakarta-lab-1\target\liberty\wlp\usr\servers\defaultServer\dropins\simple-rpg-1.0-SNAPSHOT.war"
      _type = "war"
      _name = "simple-rpg-1.0-SNAPSHOT"
      _notificationBroadcasterSupport = class javax.management.NotificationBroadcasterSupport@51a27360
      ONE_TIME_JANDEX_MSGS_DISPLAYED = true
      serialVersionUID = -2151423388299667431
    _handlerInfo = class java.util.concurrent.atomic.AtomicReference@6b5527bf
      serialVersionUID = "/* Could not access serialVersionUID */"
      VALUE = "/* Could not access VALUE */"
      value = "/* Could not access value */"
    _container = class java.util.concurrent.atomic.AtomicReference@b1a670f
      serialVersionUID = "/* Could not access serialVersionUID */"
      VALUE = "/* Could not access VALUE */"
      value = "/* Could not access value */"
    _resolvedLocation = class java.util.concurrent.atomic.AtomicReference@46c6bd0e
      serialVersionUID = "/* Could not access serialVersionUID */"
      VALUE = "/* Could not access VALUE */"
      value = "/* Could not access value */"
    _handler = class com.ibm.ws.app.manager.war.internal.WARApplicationHandlerImpl@4feab64e
      futureMonitor = class com.ibm.ws.threading.internal.FutureMonitorImpl@2667cd1f
      deployedAppFactory = class com.ibm.ws.app.manager.war.internal.WARDeployedAppInfoFactoryImpl@3c25475b
      serialVersionUID = 4622845147410944782
      $$$tc$$$ = class com.ibm.websphere.ras.TraceComponent@68600a4a
    _ami = class java.util.concurrent.atomic.AtomicReference@d4008d3
      serialVersionUID = "/* Could not access serialVersionUID */"
      VALUE = "/* Could not access VALUE */"
      value = "/* Could not access value */"
    _updateHandler = class com.ibm.ws.app.manager.internal.statemachine.ApplicationStateMachineImpl@55ba246b
      _tc = class com.ibm.websphere.ras.TraceComponent@7ad4c079
      EMPTY_FUTURE_ARRAY = interface java.util.concurrent.Future[0]
      asmSequenceNumber = class java.util.concurrent.atomic.AtomicLong@7c70278d
      _qscaCounter = class java.util.concurrent.atomic.AtomicInteger@50c27368
      _failedThrowable = null
      _interruptibleLock = class com.ibm.ws.app.manager.internal.statemachine.ApplicationStateMachineImpl$2@5da21d4b
      _interruptible = false
      _performingQueuedActions = true
      _queuedActions = class java.util.concurrent.ConcurrentLinkedQueue@778b57b4
      _callbackState = class java.util.concurrent.atomic.AtomicReference@3411331e
      blockAppStartingFutures = class java.util.Collections$SetFromMap@79942892
      waitingForAppHandlerFuture = class java.util.concurrent.atomic.AtomicReference@215f69dc
      waitingForExplicitStartFuture = class java.util.concurrent.atomic.AtomicReference@c44bcb4
      startAfterFutures = class java.util.Collections$SetFromMap@31f0e7e1
      completionListener = class java.util.concurrent.atomic.AtomicReference@69f899f5
      _notifyAppStopped = class java.util.concurrent.ConcurrentLinkedQueue@33b30c9f
      _notifyAppStarting = class java.util.concurrent.ConcurrentLinkedQueue@1abbb741
      _notifyAppInstallCalled = class java.util.concurrent.ConcurrentLinkedQueue@2c428418
      _notifyAppStarted = class java.util.concurrent.ConcurrentLinkedQueue@1d89754
      _notifyAppRemoved = class java.util.concurrent.ConcurrentLinkedQueue@2aa4b404
      _stateLock = class com.ibm.ws.app.manager.internal.statemachine.ApplicationStateMachineImpl$3@6de21fae
      _internalState = class java.util.concurrent.atomic.AtomicReference@5538244e
      _currentAction = class java.util.concurrent.atomic.AtomicReference@109f7b8a
      _rfa = class java.util.concurrent.atomic.AtomicReference@1f14f909
      _appInstallInfo = class java.util.concurrent.atomic.AtomicReference@62f68a2a
      _update = class java.util.concurrent.atomic.AtomicBoolean@7678d86e
      _appConfig = class java.util.concurrent.atomic.AtomicReference@1d50be00
      _nextAppConfig = class java.util.concurrent.atomic.AtomicReference@2534d012
      _appContainer = class java.util.concurrent.atomic.AtomicReference@73c5b944
      _resolvedLocation = class java.util.concurrent.atomic.AtomicReference@43ceb4fa
      _handler = class java.util.concurrent.atomic.AtomicReference@5bf6a23d
      _asmSeqNo = 0
      _ctx = class org.eclipse.osgi.internal.framework.BundleContextImpl@d357bf7
      _locAdmin = class com.ibm.ws.kernel.service.location.internal.WsLocationAdminImpl@690c0c4
      _futureMonitor = class com.ibm.ws.threading.internal.FutureMonitorImpl@2667cd1f
      _artifactFactory = class com.ibm.ws.artifact.internal.ArtifactContainerFactoryService@30cfcd88
      _moduleFactory = class com.ibm.ws.adaptable.module.internal.AdaptableModuleFactoryImpl@39747b20
      _executorService = class com.ibm.ws.threading.internal.ExecutorServiceImpl@67006ed6
      _scheduledExecutorService = class com.ibm.ws.threading.internal.ScheduledExecutorImpl@5e4666e6
      _asmHelper = class com.ibm.ws.app.manager.internal.ApplicationConfigurator$NamedApplication@2529e57a
      _appMonitor = class com.ibm.ws.app.manager.internal.monitor.ApplicationMonitor@cbd81fa
      _configurator = class com.ibm.ws.app.manager.internal.ApplicationConfigurator@319ead55
      enterStateCalled = class java.util.concurrent.atomic.AtomicBoolean@cabe649
      serialVersionUID = 4458043999335554711
      serialVersionUID = -8760483717533387753
      $$$tc$$$ = class com.ibm.websphere.ras.TraceComponent@40adc8a3
    serialVersionUID = 2630639237123415755
    $$$tc$$$ = class com.ibm.websphere.ras.TraceComponent@415f8d3
      strings[0] = "TraceComponent[com.ibm.ws.app.manager.internal.ApplicationInstallInfo,class com.ibm.ws.app.manager.internal.ApplicationInstallInfo,[applications, app.manager],com.ibm.ws.app.manager.internal.resources.AppManagerMessages,null]"
  location = "C:\Users\karol\Desktop\projekty-ogolne\jakarta-lab-1\target\liberty\wlp\usr\servers\defaultServer\dropins\simple-rpg-1.0-SNAPSHOT.war.xml"
  classLoadingService = class com.ibm.ws.classloading.internal.ClassLoadingServiceImpl@565ed2bb
    tc = class com.ibm.websphere.ras.TraceComponent@39f2251d
      strings[0] = "TraceComponent[com.ibm.ws.classloading.internal.ClassLoadingServiceImpl,class com.ibm.ws.classloading.internal.ClassLoadingServiceImpl,[ClassLoadingService],com.ibm.ws.classloading.internal.resources.ClassLoadingServiceMessages,null]"
    leakDetectionMap = class java.util.concurrent.ConcurrentHashMap@18ded962
      serialVersionUID = "/* Could not access serialVersionUID */"
      MAXIMUM_CAPACITY = "/* Could not access MAXIMUM_CAPACITY */"
      DEFAULT_CAPACITY = "/* Could not access DEFAULT_CAPACITY */"
      MAX_ARRAY_SIZE = "/* Could not access MAX_ARRAY_SIZE */"
      DEFAULT_CONCURRENCY_LEVEL = "/* Could not access DEFAULT_CONCURRENCY_LEVEL */"
      LOAD_FACTOR = "/* Could not access LOAD_FACTOR */"
      TREEIFY_THRESHOLD = "/* Could not access TREEIFY_THRESHOLD */"
      UNTREEIFY_THRESHOLD = "/* Could not access UNTREEIFY_THRESHOLD */"
      MIN_TREEIFY_CAPACITY = "/* Could not access MIN_TREEIFY_CAPACITY */"
      MIN_TRANSFER_STRIDE = "/* Could not access MIN_TRANSFER_STRIDE */"
      RESIZE_STAMP_BITS = "/* Could not access RESIZE_STAMP_BITS */"
      MAX_RESIZERS = "/* Could not access MAX_RESIZERS */"
      RESIZE_STAMP_SHIFT = "/* Could not access RESIZE_STAMP_SHIFT */"
      MOVED = "/* Could not access MOVED */"
      TREEBIN = "/* Could not access TREEBIN */"
      RESERVED = "/* Could not access RESERVED */"
      HASH_BITS = "/* Could not access HASH_BITS */"
      NCPU = "/* Could not access NCPU */"
      serialPersistentFields = "/* Could not access serialPersistentFields */"
      table = "/* Could not access table */"
      nextTable = "/* Could not access nextTable */"
      baseCount = "/* Could not access baseCount */"
      sizeCtl = "/* Could not access sizeCtl */"
      transferIndex = "/* Could not access transferIndex */"
      cellsBusy = "/* Could not access cellsBusy */"
      counterCells = "/* Could not access counterCells */"
      keySet = "/* Could not access keySet */"
      values = "/* Could not access values */"
      entrySet = "/* Could not access entrySet */"
      U = "/* Could not access U */"
      SIZECTL = "/* Could not access SIZECTL */"
      TRANSFERINDEX = "/* Could not access TRANSFERINDEX */"
      BASECOUNT = "/* Could not access BASECOUNT */"
      CELLSBUSY = "/* Could not access CELLSBUSY */"
      CELLVALUE = "/* Could not access CELLVALUE */"
      ABASE = "/* Could not access ABASE */"
      ASHIFT = "/* Could not access ASHIFT */"
      keySet = "/* Could not access keySet */"
      values = "/* Could not access values */"
    appClassLoaders = class java.util.Collections$SetFromMap@31fe575c
      m = "/* Could not access m */"
      s = "/* Could not access s */"
      serialVersionUID = "/* Could not access serialVersionUID */"
      MAX_ARRAY_SIZE = "/* Could not access MAX_ARRAY_SIZE */"
    TCCL_LOCK_WAIT = 15000
    REFERENCE_GENERATORS = "generators"
    tcclLockStore = class com.ibm.ws.kernel.service.util.KeyBasedLockStore@263c923
      refQueue = class java.lang.ref.ReferenceQueue@39aba0ad
      lockMap = class java.util.concurrent.ConcurrentHashMap@5b78c715
      lockCreator = class com.ibm.ws.classloading.internal.ClassLoadingServiceImpl$1@7e08da86
    bundleContext = class org.eclipse.osgi.internal.framework.BundleContextImpl@53335ed8
      valid = true
      bundle = class org.eclipse.osgi.internal.framework.EquinoxBundle@477f4d2
      container = class org.eclipse.osgi.internal.framework.EquinoxContainer@66a9451d
      debug = class org.eclipse.osgi.internal.debug.Debug@3e90cad7
      servicesInUse = class java.util.HashMap@98745fe
      activator = null
      contextLock = class java.lang.Object@48b6146f
    aclStore = class com.ibm.ws.classloading.internal.util.CanonicalStore@32ec1e6e
      map = class java.util.concurrent.ConcurrentHashMap@e4ea5e5
      q = class com.ibm.ws.classloading.internal.util.RefQueue@3a523339
      serialVersionUID = 6715157558227169968
      $$$tc$$$ = class com.ibm.websphere.ras.TraceComponent@4e11782d
    tcclStore = class com.ibm.ws.classloading.internal.util.CanonicalStore@5c97d498
      map = class java.util.concurrent.ConcurrentHashMap@51b9c97a
      q = class com.ibm.ws.classloading.internal.util.RefQueue@5340b34
      serialVersionUID = 6715157558227169968
      $$$tc$$$ = class com.ibm.websphere.ras.TraceComponent@4e11782d
    digraph = class org.eclipse.equinox.internal.region.StandardRegionDigraph@1f903ce1
      EMPTY_EDGE_SET = class java.util.Collections$UnmodifiableSet@4f8db616
      monitor = class java.lang.Object@7ab64096
      regions = class java.util.HashMap@283dc956
      bundleIdToRegionMapping = class org.eclipse.equinox.internal.region.StandardBundleIdToRegionMapping@7e8f7a98
      edges = class java.util.HashMap@5c904e59
      bundleContext = class org.eclipse.osgi.internal.framework.BundleContextImpl@366c4480
      threadLocal = class java.lang.ThreadLocal@146a07ad
      subgraphTraverser = class org.eclipse.equinox.internal.region.SubgraphTraverser@52db0b0f
      bundleCollisionHook = class org.eclipse.equinox.internal.region.hook.RegionBundleCollisionHook@5785f076
      bundleEventHook = class org.eclipse.equinox.internal.region.hook.RegionBundleEventHook@9b98e59
      bundleFindHook = class org.eclipse.equinox.internal.region.hook.RegionBundleFindHook@4daab7ac
      serviceEventHook = class org.eclipse.equinox.internal.region.hook.RegionServiceEventHook@47234e65
      serviceFindHook = class org.eclipse.equinox.internal.region.hook.RegionServiceFindHook@3fdd00b7
      resolverHookFactory = class org.eclipse.equinox.internal.region.hook.RegionResolverHookFactory@7ad39a53
      origin = null
      originUpdateCount = -1
      updateCount = class java.util.concurrent.atomic.AtomicLong@62dc5572
      defaultRegion = null
    redefiner = class com.ibm.ws.classloading.internal.util.ClassRedefiner@3a6d4e1
      tc = class com.ibm.websphere.ras.TraceComponent@772002a2
      LS = "
"
      inst = class com.sun.proxy.$Proxy3@207d211f
      serialVersionUID = 2420101865139508526
    listener = class com.ibm.ws.classloading.internal.ClassLoadingServiceImpl$2@516bb595
      this$0 = class com.ibm.ws.classloading.internal.ClassLoadingServiceImpl@565ed2bb
      serialVersionUID = -5816835778307299777
      $$$tc$$$ = class com.ibm.websphere.ras.TraceComponent@918e8bf
    classloaders = class java.util.Collections$SynchronizedMap@333a9834
      serialVersionUID = "/* Could not access serialVersionUID */"
      m = "/* Could not access m */"
      mutex = "/* Could not access mutex */"
      keySet = "/* Could not access keySet */"
      entrySet = "/* Could not access entrySet */"
      values = "/* Could not access values */"
    resourceProviders = class com.ibm.ws.classloading.internal.CompositeResourceProvider@2d53dd86
      lockFactory = class java.util.concurrent.locks.ReentrantReadWriteLock@2061b9e0
      providerMap = class com.ibm.ws.classloading.internal.util.MultiMap@3d49bf7c
      serialVersionUID = -5576435894946156347
      $$$tc$$$ = class com.ibm.websphere.ras.TraceComponent@6423cabc
    rememberedBundles = class java.util.concurrent.ConcurrentHashMap@18e70511
      serialVersionUID = "/* Could not access serialVersionUID */"
      MAXIMUM_CAPACITY = "/* Could not access MAXIMUM_CAPACITY */"
      DEFAULT_CAPACITY = "/* Could not access DEFAULT_CAPACITY */"
      MAX_ARRAY_SIZE = "/* Could not access MAX_ARRAY_SIZE */"
      DEFAULT_CONCURRENCY_LEVEL = "/* Could not access DEFAULT_CONCURRENCY_LEVEL */"
      LOAD_FACTOR = "/* Could not access LOAD_FACTOR */"
      TREEIFY_THRESHOLD = "/* Could not access TREEIFY_THRESHOLD */"
      UNTREEIFY_THRESHOLD = "/* Could not access UNTREEIFY_THRESHOLD */"
      MIN_TREEIFY_CAPACITY = "/* Could not access MIN_TREEIFY_CAPACITY */"
      MIN_TRANSFER_STRIDE = "/* Could not access MIN_TRANSFER_STRIDE */"
      RESIZE_STAMP_BITS = "/* Could not access RESIZE_STAMP_BITS */"
      MAX_RESIZERS = "/* Could not access MAX_RESIZERS */"
      RESIZE_STAMP_SHIFT = "/* Could not access RESIZE_STAMP_SHIFT */"
      MOVED = "/* Could not access MOVED */"
      TREEBIN = "/* Could not access TREEBIN */"
      RESERVED = "/* Could not access RESERVED */"
      HASH_BITS = "/* Could not access HASH_BITS */"
      NCPU = "/* Could not access NCPU */"
      serialPersistentFields = "/* Could not access serialPersistentFields */"
      table = "/* Could not access table */"
      nextTable = "/* Could not access nextTable */"
      baseCount = "/* Could not access baseCount */"
      sizeCtl = "/* Could not access sizeCtl */"
      transferIndex = "/* Could not access transferIndex */"
      cellsBusy = "/* Could not access cellsBusy */"
      counterCells = "/* Could not access counterCells */"
      keySet = "/* Could not access keySet */"
      values = "/* Could not access values */"
      entrySet = "/* Could not access entrySet */"
      U = "/* Could not access U */"
      SIZECTL = "/* Could not access SIZECTL */"
      TRANSFERINDEX = "/* Could not access TRANSFERINDEX */"
      BASECOUNT = "/* Could not access BASECOUNT */"
      CELLSBUSY = "/* Could not access CELLSBUSY */"
      CELLVALUE = "/* Could not access CELLVALUE */"
      ABASE = "/* Could not access ABASE */"
      ASHIFT = "/* Could not access ASHIFT */"
      keySet = "/* Could not access keySet */"
      values = "/* Could not access values */"
    collectedBundles = class java.lang.ref.ReferenceQueue@142ccc85
      NULL = "/* Could not access NULL */"
      ENQUEUED = "/* Could not access ENQUEUED */"
      lock = "/* Could not access lock */"
      head = "/* Could not access head */"
      queueLength = "/* Could not access queueLength */"
      $assertionsDisabled = "/* Could not access $assertionsDisabled */"
    generatorRefs = class com.ibm.wsspi.kernel.service.utils.ConcurrentServiceReferenceSet@73301d0c
      referenceName = "generators"
      contextRef = class java.util.concurrent.atomic.AtomicReference@1b3f21cc
      elementMap = class java.util.LinkedHashMap@440c3b3f
      elementSet = class java.util.concurrent.ConcurrentSkipListSet@7cbaa32e
      elementSetUnsorted = false
      serialVersionUID = 756240983881166148
      $$$tc$$$ = class com.ibm.websphere.ras.TraceComponent@2e13100e
    generatorManager = class com.ibm.ws.classloading.internal.ClassGeneratorManager@403c4101
      tc = class com.ibm.websphere.ras.TraceComponent@3a6097ae
      generatorRefs = class com.ibm.wsspi.kernel.service.utils.ConcurrentServiceReferenceSet@73301d0c
      serialVersionUID = 4152663586056483310
    appExtLibs = class java.util.concurrent.CopyOnWriteArrayList@60531b9a
      serialVersionUID = "/* Could not access serialVersionUID */"
      lock = "/* Could not access lock */"
      array = "/* Could not access array */"
    globalConfig = class com.ibm.ws.classloading.configuration.GlobalClassloadingConfiguration@12e9bbf1
      properties = class org.apache.felix.scr.impl.helper.ReadOnlyDictionary@7431e4f0
      serialVersionUID = 452562347104713756
      $$$tc$$$ = class com.ibm.websphere.ras.TraceComponent@22f63826
    systemTransformers = class java.util.concurrent.CopyOnWriteArrayList@61c20cdd
      serialVersionUID = "/* Could not access serialVersionUID */"
      lock = "/* Could not access lock */"
      array = "/* Could not access array */"
    isBeta = false
    metaInfServicesProviders = class java.util.concurrent.ConcurrentHashMap@43d47dad
      serialVersionUID = "/* Could not access serialVersionUID */"
      MAXIMUM_CAPACITY = "/* Could not access MAXIMUM_CAPACITY */"
      DEFAULT_CAPACITY = "/* Could not access DEFAULT_CAPACITY */"
      MAX_ARRAY_SIZE = "/* Could not access MAX_ARRAY_SIZE */"
      DEFAULT_CONCURRENCY_LEVEL = "/* Could not access DEFAULT_CONCURRENCY_LEVEL */"
      LOAD_FACTOR = "/* Could not access LOAD_FACTOR */"
      TREEIFY_THRESHOLD = "/* Could not access TREEIFY_THRESHOLD */"
      UNTREEIFY_THRESHOLD = "/* Could not access UNTREEIFY_THRESHOLD */"
      MIN_TREEIFY_CAPACITY = "/* Could not access MIN_TREEIFY_CAPACITY */"
      MIN_TRANSFER_STRIDE = "/* Could not access MIN_TRANSFER_STRIDE */"
      RESIZE_STAMP_BITS = "/* Could not access RESIZE_STAMP_BITS */"
      MAX_RESIZERS = "/* Could not access MAX_RESIZERS */"
      RESIZE_STAMP_SHIFT = "/* Could not access RESIZE_STAMP_SHIFT */"
      MOVED = "/* Could not access MOVED */"
      TREEBIN = "/* Could not access TREEBIN */"
      RESERVED = "/* Could not access RESERVED */"
      HASH_BITS = "/* Could not access HASH_BITS */"
      NCPU = "/* Could not access NCPU */"
      serialPersistentFields = "/* Could not access serialPersistentFields */"
      table = "/* Could not access table */"
      nextTable = "/* Could not access nextTable */"
      baseCount = "/* Could not access baseCount */"
      sizeCtl = "/* Could not access sizeCtl */"
      transferIndex = "/* Could not access transferIndex */"
      cellsBusy = "/* Could not access cellsBusy */"
      counterCells = "/* Could not access counterCells */"
      keySet = "/* Could not access keySet */"
      values = "/* Could not access values */"
      entrySet = "/* Could not access entrySet */"
      U = "/* Could not access U */"
      SIZECTL = "/* Could not access SIZECTL */"
      TRANSFERINDEX = "/* Could not access TRANSFERINDEX */"
      BASECOUNT = "/* Could not access BASECOUNT */"
      CELLSBUSY = "/* Could not access CELLSBUSY */"
      CELLVALUE = "/* Could not access CELLVALUE */"
      ABASE = "/* Could not access ABASE */"
      ASHIFT = "/* Could not access ASHIFT */"
      keySet = "/* Could not access keySet */"
      values = "/* Could not access values */"
    metaInfServicesRefs = class com.ibm.wsspi.kernel.service.utils.ConcurrentServiceReferenceMap@3ba33186
      referenceName = "MetaInfServicesProvider"
      context = class org.apache.felix.scr.impl.manager.ComponentContextImpl@6007fd61
      elementMap = class java.util.concurrent.ConcurrentHashMap@6f7afe9e
      serialVersionUID = 6980924785166233786
      $$$tc$$$ = class com.ibm.websphere.ras.TraceComponent@6258bcc5
    protectionDomainMap = class java.util.HashMap@644a2330
      serialVersionUID = "/* Could not access serialVersionUID */"
      DEFAULT_INITIAL_CAPACITY = "/* Could not access DEFAULT_INITIAL_CAPACITY */"
      MAXIMUM_CAPACITY = "/* Could not access MAXIMUM_CAPACITY */"
      DEFAULT_LOAD_FACTOR = "/* Could not access DEFAULT_LOAD_FACTOR */"
      TREEIFY_THRESHOLD = "/* Could not access TREEIFY_THRESHOLD */"
      UNTREEIFY_THRESHOLD = "/* Could not access UNTREEIFY_THRESHOLD */"
      MIN_TREEIFY_CAPACITY = "/* Could not access MIN_TREEIFY_CAPACITY */"
      table = "/* Could not access table */"
      entrySet = "/* Could not access entrySet */"
      size = "/* Could not access size */"
      modCount = "/* Could not access modCount */"
      threshold = "/* Could not access threshold */"
      loadFactor = "/* Could not access loadFactor */"
      keySet = "/* Could not access keySet */"
      values = "/* Could not access values */"
    metadataIdentifierService = class com.ibm.ws.container.service.metadata.internal.MetaDataServiceImpl@716a5c49
    globalSharedLibrary = class java.util.concurrent.atomic.AtomicReference@159f6f80
      serialVersionUID = "/* Could not access serialVersionUID */"
      VALUE = "/* Could not access VALUE */"
      value = "/* Could not access value */"
    issuedBetaMessage = false
    serialVersionUID = 5535216092015213262
  globalSharedLibrary = class com.ibm.ws.library.internal.SharedLibraryImpl@5b88d799
    tc = class com.ibm.websphere.ras.TraceComponent@7441ee23
      strings[0] = "TraceComponent[com.ibm.ws.library.internal.SharedLibraryImpl,class com.ibm.ws.library.internal.SharedLibraryImpl,[SharedLibrary],com.ibm.ws.classloading.internal.resources.ClassLoadingServiceMessages,null]"
    EMPTY_LIBRARY_LISTENERS = interface com.ibm.wsspi.library.LibraryChangeListener[0]
    deleted = false
    libraryListenersTracker = class org.osgi.util.tracker.ServiceTracker@5b04b24a
      DEBUG = false
      context = class org.eclipse.osgi.internal.framework.BundleContextImpl@53335ed8
      filter = class org.eclipse.osgi.internal.framework.FilterImpl$And@3f3c17c0
      customizer = class org.osgi.util.tracker.ServiceTracker@5b04b24a
      listenerFilter = "(&(objectClass=com.ibm.wsspi.library.LibraryChangeListener)(|(library=global)(libraryRef=*com.ibm.ws.classloading.sharedlibrary_9*)))"
      trackClass = null
      trackReference = null
      tracked = class org.osgi.util.tracker.ServiceTracker$Tracked@32229413
      cachedReference = null
      cachedService = null
    libraryReg = class org.eclipse.osgi.internal.serviceregistry.ServiceRegistrationImpl@51a9a8e5
      registry = class org.eclipse.osgi.internal.serviceregistry.ServiceRegistry@38888b41
      context = class org.eclipse.osgi.internal.framework.BundleContextImpl@53335ed8
      bundle = class org.eclipse.osgi.internal.framework.EquinoxBundle@477f4d2
      clazzes = class java.lang.String[1]
      service = class com.ibm.ws.library.internal.SharedLibraryImpl@5b88d799
      reference = class org.eclipse.osgi.internal.serviceregistry.ServiceReferenceImpl@6cf86b10
      contextsUsing = class java.util.ArrayList@25c4da49
      properties = class java.util.Collections$UnmodifiableMap@596a9f33
      serviceid = 262
      serviceranking = 0
      registrationLock = class java.lang.Object@1326dd11
      state = 0
      REGISTERED = 0
      UNREGISTERING = 1
      UNREGISTERED = 2
      FRAMEWORK_SET_SERVICE_PROPERTIES_COUNT = 4
      $assertionsDisabled = true
    ctx = class org.eclipse.osgi.internal.framework.BundleContextImpl@53335ed8
    classLoadingService = class com.ibm.ws.classloading.internal.ClassLoadingServiceImpl@565ed2bb
    configAdmin = class com.ibm.ws.config.admin.internal.ConfigurationAdminImpl@457c1e21
      tc = class com.ibm.websphere.ras.TraceComponent@1d010edc
      bundle = class org.eclipse.osgi.internal.framework.EquinoxBundle@477f4d2
      caFactory = class com.ibm.ws.config.admin.internal.ConfigAdminServiceFactory@7546418b
      serialVersionUID = -2875522750804142523
    resolvedBasePath = "C:/Users/karol/Desktop/projekty-ogolne/jakarta-lab-1/target/liberty/wlp/usr/servers/defaultServer/"
    generationLock = class com.ibm.ws.library.internal.SharedLibraryImpl$1@70bde5cf
      this$0 = class com.ibm.ws.library.internal.SharedLibraryImpl@5b88d799
      serialVersionUID = 2483639803450672373
      $$$tc$$$ = class com.ibm.websphere.ras.TraceComponent@717fe3a5
    currentGeneration = class com.ibm.ws.library.internal.LibraryGeneration@6c6f99c8
      tc = class com.ibm.websphere.ras.TraceComponent@11d70f56
      nextInt = class java.util.concurrent.atomic.AtomicInteger@2c569226
      libraryId = "global"
      genId = 0
      libraryProps = class java.util.Hashtable@3c15be11
      filesetRefs = class java.util.Collections$UnmodifiableRandomAccessList@70fca90c
      apiTypeVisibility = class java.util.RegularEnumSet@68a3d297
      files = class java.util.Collections$EmptyList@40cea756
      folders = class java.util.ArrayList@147a557c
      fileAndFolderContainers = class java.util.Collections$EmptyList@40cea756
      filesets = class java.util.concurrent.ArrayBlockingQueue@58e94d4
      filesetListenerRegs = class java.util.concurrent.ConcurrentLinkedQueue@102ff9a0
      cancelled = false
      library = class com.ibm.ws.library.internal.SharedLibraryImpl@5b88d799
      serialVersionUID = 6965220007121905717
    nextGeneration = class com.ibm.ws.library.internal.LibraryGeneration@6c6f99c8
    artifactContainerFactory = class com.ibm.ws.library.internal.SharedLibraryFactory$1@1287e0ed
      this$0 = class com.ibm.ws.library.internal.SharedLibraryFactory@3675d7d1
      serialVersionUID = 7730244564205089330
      $$$tc$$$ = class com.ibm.websphere.ras.TraceComponent@509e9a4a
    packageExporter = class com.ibm.ws.library.internal.LibraryPackageExporter@372f798a
      EXPORTER_POSTFIX = "_library_exporter"
      REGION_EXPORT_TO_LIBERTY = "liberty.library.export.to.liberty"
      REGION_EXPORT_TO_OSGI_APPS = "liberty.library.export.to.osgi.app"
      REGION_KERNEL = "org.eclipse.equinox.region.kernel"
      counter = class java.util.concurrent.atomic.AtomicLong@34e3b864
      context = class org.eclipse.osgi.internal.framework.BundleContextImpl@53335ed8
      digraph = class org.eclipse.equinox.internal.region.StandardRegionDigraph@1f903ce1
      bundleToLibrary = class java.util.concurrent.ConcurrentHashMap@e72288
      libraryToVisibility = class java.util.concurrent.ConcurrentHashMap@2f0c753a
      serialVersionUID = 8074378969667956573
      $$$tc$$$ = class com.ibm.websphere.ras.TraceComponent@3cc90039
    serialVersionUID = 5714743499247904517
  sharedLibDeploymentInfo = class com.ibm.ws.app.manager.module.internal.DeployedAppInfoBase$SharedLibDeploymentInfo@37b1cb6b
    locAdmin = class com.ibm.ws.kernel.service.location.internal.WsLocationAdminImpl@690c0c4
    artifactFactory = class com.ibm.ws.artifact.internal.ArtifactContainerFactoryService@30cfcd88
    moduleFactory = class com.ibm.ws.adaptable.module.internal.AdaptableModuleFactoryImpl@39747b20
    classesContainerInfo = class java.util.ArrayList@42d2c178
      serialVersionUID = "/* Could not access serialVersionUID */"
      DEFAULT_CAPACITY = "/* Could not access DEFAULT_CAPACITY */"
      EMPTY_ELEMENTDATA = "/* Could not access EMPTY_ELEMENTDATA */"
      DEFAULTCAPACITY_EMPTY_ELEMENTDATA = "/* Could not access DEFAULTCAPACITY_EMPTY_ELEMENTDATA */"
      elementData = "/* Could not access elementData */"
      size = "/* Could not access size */"
      MAX_ARRAY_SIZE = "/* Could not access MAX_ARRAY_SIZE */"
      modCount = "/* Could not access modCount */"
      MAX_ARRAY_SIZE = "/* Could not access MAX_ARRAY_SIZE */"
    serialVersionUID = 5154735746662585226
    $$$tc$$$ = class com.ibm.websphere.ras.TraceComponent@76d5470
      strings[0] = "TraceComponent[com.ibm.ws.app.manager.module.internal.DeployedAppInfoBase$SharedLibDeploymentInfo,class com.ibm.ws.app.manager.module.internal.DeployedAppInfoBase$SharedLibDeploymentInfo,[applications, app.manager],null,null]"
  configAdmin = class com.ibm.ws.config.admin.internal.ConfigurationAdminImpl@b68894f
    tc = class com.ibm.websphere.ras.TraceComponent@1d010edc
      strings[0] = "TraceComponent[com.ibm.ws.config.admin.internal.ConfigurationAdminImpl,class com.ibm.ws.config.admin.internal.ConfigurationAdminImpl,[config],com.ibm.ws.config.internal.resources.ConfigMessages,null]"
    bundle = class org.eclipse.osgi.internal.framework.EquinoxBundle@5e6879a2
      equinoxContainer = class org.eclipse.osgi.internal.framework.EquinoxContainer@66a9451d
      module = class org.eclipse.osgi.internal.framework.EquinoxBundle$EquinoxModule@20f9ce5c
      monitor = class java.lang.Object@5120c6a3
      context = class org.eclipse.osgi.internal.framework.BundleContextImpl@bcd678e
      signedContent = null
      $SWITCH_TABLE$org$eclipse$osgi$container$Module$State = {1,2,3,4,5,6,7} /* array length = 7 */
    caFactory = class com.ibm.ws.config.admin.internal.ConfigAdminServiceFactory@7546418b
      tc = class com.ibm.websphere.ras.TraceComponent@68dcfd4d
      configurationPermission = class org.osgi.service.cm.ConfigurationPermission@3e2dd7de
      INDEX_DICTIONARY = 0
      INDEX_LOCATION = 1
      INDEX_METATYPE_PROCESSED = 2
      INDEX_IN_OVERRIDES_FILE = 3
      INDEX_REFERENCES = 4
      INDEX_UNIQUES = 5
      bundleContext = class org.eclipse.osgi.internal.framework.BundleContextImpl@4b83a05
      msTracker = class com.ibm.ws.config.admin.internal.ManagedServiceTracker@2d626a35
      msfTracker = class com.ibm.ws.config.admin.internal.ManagedServiceFactoryTracker@4387caeb
      pluginManager = class com.ibm.ws.config.admin.internal.PluginManager@14c509e6
      configurationStore = class com.ibm.ws.config.admin.internal.ConfigurationStore@4486bf87
      updateQueue = class com.ibm.ws.config.admin.internal.UpdateQueue@7a8b56e0
      ced = class com.ibm.ws.config.admin.internal.ConfigEventDispatcher@7260bc8
      idMap = class java.util.Collections$SynchronizedMap@3b90a8f3
      referenceMap = class java.util.Collections$SynchronizedMap@4a1b4281
      variableRegistryTracker = class org.osgi.util.tracker.ServiceTracker@6a872174
      variableRegistry = class com.ibm.ws.kernel.service.location.internal.VariableRegistryHelper@5d480fa7
      configurationAdminRef = class org.eclipse.osgi.internal.serviceregistry.ServiceRegistrationImpl@3e534fc0
      serialVersionUID = 6695202270027014725
    serialVersionUID = -2875522750804142523
  libraryConfigHelper = class com.ibm.ws.classloading.ClassLoaderConfigHelper@2b835993
    tc = class com.ibm.websphere.ras.TraceComponent@6e4fa795
      strings[0] = "TraceComponent[com.ibm.ws.classloading.ClassLoaderConfigHelper,class com.ibm.ws.classloading.ClassLoaderConfigHelper,[ClassLoadingService],com.ibm.ws.classloading.internal.resources.ClassLoadingServiceMessages,null]"
    DEFAULT_API_TYPES = class java.util.RegularEnumSet@7e6c114a
      serialVersionUID = "/* Could not access serialVersionUID */"
      elements = "/* Could not access elements */"
      serialPersistentFields = "/* Could not access serialPersistentFields */"
      elementType = "/* Could not access elementType */"
      universe = "/* Could not access universe */"
      MAX_ARRAY_SIZE = "/* Could not access MAX_ARRAY_SIZE */"
    sharedLibraries = class java.util.Collections$EmptyList@40cea756
      serialVersionUID = "/* Could not access serialVersionUID */"
      modCount = "/* Could not access modCount */"
      MAX_ARRAY_SIZE = "/* Could not access MAX_ARRAY_SIZE */"
    commonLibraries = class java.util.Collections$EmptyList@40cea756
    classProviders = class java.util.Collections$EmptyList@40cea756
    sharedLibrariesPids = null
    commonLibrariesPids = null
    isDelegateLast = false
    apiTypes = class java.util.RegularEnumSet@7e6c114a
    classLoaderConfigProps = null
    serialVersionUID = 7643888529935916418
  isDelegateLast = false
  permissionManager = class com.ibm.ws.classloading.java2sec.PermissionManager@362a6765
    tc = class com.ibm.websphere.ras.TraceComponent@23b271f2
      strings[0] = "TraceComponent[com.ibm.ws.classloading.java2sec.PermissionManager,class com.ibm.ws.classloading.java2sec.PermissionManager,[Java2SecurityUtil],com.ibm.ws.classloading.internal.resources.Java2SecurityUtilMessages,null]"
    bundleContext = class org.eclipse.osgi.internal.framework.BundleContextImpl@53335ed8
    classLoadingService = class com.ibm.ws.classloading.internal.ClassLoadingServiceImpl@565ed2bb
    DEFAULT_SERVER_RESTRICTABLE_PERMISSIONS = class java.security.Permission[4]
      Permission[0] = class java.lang.RuntimePermission@106ab1ac
      Permission[1] = class java.lang.RuntimePermission@791820f2
      Permission[2] = class java.security.SecurityPermission@5b0a6ac5
      Permission[3] = class javax.security.auth.AuthPermission@73d7ffd6
    DEFAULT_CLIENT_RESTRICTABLE_PERMISSIONS = class java.security.Permission[3]
      Permission[0] = class java.lang.RuntimePermission@22d2cc5c
      Permission[1] = class java.security.SecurityPermission@64196bad
      Permission[2] = class javax.security.auth.AuthPermission@1f038b46
    isServer = true
    wsjarUrlStreamHandlerAvailable = true
    restrictablePermissions = class java.util.ArrayList@499a573b
      serialVersionUID = "/* Could not access serialVersionUID */"
      DEFAULT_CAPACITY = "/* Could not access DEFAULT_CAPACITY */"
      EMPTY_ELEMENTDATA = "/* Could not access EMPTY_ELEMENTDATA */"
      DEFAULTCAPACITY_EMPTY_ELEMENTDATA = "/* Could not access DEFAULTCAPACITY_EMPTY_ELEMENTDATA */"
      elementData = "/* Could not access elementData */"
      size = "/* Could not access size */"
      MAX_ARRAY_SIZE = "/* Could not access MAX_ARRAY_SIZE */"
      modCount = "/* Could not access modCount */"
      MAX_ARRAY_SIZE = "/* Could not access MAX_ARRAY_SIZE */"
    javaAllCodeBasePermissions = class java.util.ArrayList@45ed0ed7
      serialVersionUID = "/* Could not access serialVersionUID */"
      DEFAULT_CAPACITY = "/* Could not access DEFAULT_CAPACITY */"
      EMPTY_ELEMENTDATA = "/* Could not access EMPTY_ELEMENTDATA */"
      DEFAULTCAPACITY_EMPTY_ELEMENTDATA = "/* Could not access DEFAULTCAPACITY_EMPTY_ELEMENTDATA */"
      elementData = "/* Could not access elementData */"
      size = "/* Could not access size */"
      MAX_ARRAY_SIZE = "/* Could not access MAX_ARRAY_SIZE */"
      modCount = "/* Could not access modCount */"
      MAX_ARRAY_SIZE = "/* Could not access MAX_ARRAY_SIZE */"
    expandProps = true
    grantedPermissions = class java.util.ArrayList@64aaa9c1
      serialVersionUID = "/* Could not access serialVersionUID */"
      DEFAULT_CAPACITY = "/* Could not access DEFAULT_CAPACITY */"
      EMPTY_ELEMENTDATA = "/* Could not access EMPTY_ELEMENTDATA */"
      DEFAULTCAPACITY_EMPTY_ELEMENTDATA = "/* Could not access DEFAULTCAPACITY_EMPTY_ELEMENTDATA */"
      elementData = "/* Could not access elementData */"
      size = "/* Could not access size */"
      MAX_ARRAY_SIZE = "/* Could not access MAX_ARRAY_SIZE */"
      modCount = "/* Could not access modCount */"
      MAX_ARRAY_SIZE = "/* Could not access MAX_ARRAY_SIZE */"
    KEY_PERMISSION = "permission"
    INCORRECT_PERMISSION_CONFIGURATION = "INCORRECT_PERMISSION_CONFIGURATION"
    PERMISSION_CLASSNOTFOUND = "PERMISSION_CLASSNOTFOUND"
    SERVER_XML = "server.xml"
    CLIENT_XML = "client.xml"
    JAVA_POLICY = "java.policy"
    os_name = "Windows 10"
    os_version = "10.0"
    originationFile = "server.xml"
    permissions = class com.ibm.wsspi.kernel.service.utils.ConcurrentServiceReferenceSet@190f2af1
      referenceName = "permission"
      contextRef = class java.util.concurrent.atomic.AtomicReference@3870b14f
      elementMap = class java.util.LinkedHashMap@1fe00bd
      elementSet = class java.util.concurrent.ConcurrentSkipListSet@32651dc9
      elementSetUnsorted = false
      serialVersionUID = 756240983881166148
      $$$tc$$$ = class com.ibm.websphere.ras.TraceComponent@2e13100e
    codeBasePermissionMap = class java.util.HashMap@2b79564
      serialVersionUID = "/* Could not access serialVersionUID */"
      DEFAULT_INITIAL_CAPACITY = "/* Could not access DEFAULT_INITIAL_CAPACITY */"
      MAXIMUM_CAPACITY = "/* Could not access MAXIMUM_CAPACITY */"
      DEFAULT_LOAD_FACTOR = "/* Could not access DEFAULT_LOAD_FACTOR */"
      TREEIFY_THRESHOLD = "/* Could not access TREEIFY_THRESHOLD */"
      UNTREEIFY_THRESHOLD = "/* Could not access UNTREEIFY_THRESHOLD */"
      MIN_TREEIFY_CAPACITY = "/* Could not access MIN_TREEIFY_CAPACITY */"
      table = "/* Could not access table */"
      entrySet = "/* Could not access entrySet */"
      size = "/* Could not access size */"
      modCount = "/* Could not access modCount */"
      threshold = "/* Could not access threshold */"
      loadFactor = "/* Could not access loadFactor */"
      keySet = "/* Could not access keySet */"
      values = "/* Could not access values */"
    permissionXMLPermissionMap = class java.util.HashMap@2f81b853
      serialVersionUID = "/* Could not access serialVersionUID */"
      DEFAULT_INITIAL_CAPACITY = "/* Could not access DEFAULT_INITIAL_CAPACITY */"
      MAXIMUM_CAPACITY = "/* Could not access MAXIMUM_CAPACITY */"
      DEFAULT_LOAD_FACTOR = "/* Could not access DEFAULT_LOAD_FACTOR */"
      TREEIFY_THRESHOLD = "/* Could not access TREEIFY_THRESHOLD */"
      UNTREEIFY_THRESHOLD = "/* Could not access UNTREEIFY_THRESHOLD */"
      MIN_TREEIFY_CAPACITY = "/* Could not access MIN_TREEIFY_CAPACITY */"
      table = "/* Could not access table */"
      entrySet = "/* Could not access entrySet */"
      size = "/* Could not access size */"
      modCount = "/* Could not access modCount */"
      threshold = "/* Could not access threshold */"
      loadFactor = "/* Could not access loadFactor */"
      keySet = "/* Could not access keySet */"
      values = "/* Could not access values */"
    serialVersionUID = 8583289148510585888
  permissionsConfig = null
  serialVersionUID = 1131686356392279747
  appInfo = class com.ibm.ws.container.service.app.deploy.internal.ApplicationInfoImpl@10021828
    appName = "simple-rpg-1.0-SNAPSHOT"
    appMetaData = class com.ibm.ws.container.service.app.deploy.internal.ApplicationMetaDataImpl@13c99cb1
      j2eeName = class com.ibm.ws.container.service.metadata.internal.J2EENameImpl@e690fe9
      serialVersionUID = -7906531148367236579
      $$$tc$$$ = class com.ibm.websphere.ras.TraceComponent@6ef15ecc
      tc = class com.ibm.websphere.ras.TraceComponent@508a4a0e
      NUM_STATIC_SLOTS = 4
      ID_UNINITIALIZED = -1
      id = 0
      metaDataInterface = class java.lang.Class@69657285
      staticSlots = class java.lang.Object[4]
      dynamicSlots = null
    appContainer = class com.ibm.ws.adaptable.module.internal.AdaptableContainerImpl@a0c2fdb
      root = class com.ibm.ws.adaptable.module.internal.AdaptableContainerImpl@a0c2fdb
      rootOverlay = class com.ibm.ws.artifact.overlay.internal.DirectoryBasedOverlayContainerImpl@5dff93c9
      factoryHolder = class com.ibm.ws.adaptable.module.internal.AdaptableModuleFactoryImpl@39747b20
      delegate = class com.ibm.ws.artifact.overlay.internal.DirectoryBasedOverlayContainerImpl@5dff93c9
      notifier = class com.ibm.ws.adaptable.module.internal.NotifierImpl@660744ab
      serialVersionUID = -5950528200509051684
      $$$tc$$$ = class com.ibm.websphere.ras.TraceComponent@6137314f
    configHelper = class com.ibm.ws.app.manager.module.ApplicationNestedConfigHelper@e4cd943
      appInfo = class com.ibm.ws.app.manager.internal.ApplicationInstallInfo@2f91ca8c
      serialVersionUID = -3174031738676705046
      $$$tc$$$ = class com.ibm.websphere.ras.TraceComponent@57f5892c
    applicationInformation = class com.ibm.ws.app.manager.internal.ApplicationInstallInfo@2f91ca8c
    serialVersionUID = 5227817860647895780
    $$$tc$$$ = class com.ibm.websphere.ras.TraceComponent@57579ceb
      strings[0] = "TraceComponent[com.ibm.ws.container.service.app.deploy.internal.ApplicationInfoImpl,class com.ibm.ws.container.service.app.deploy.internal.ApplicationInfoImpl,[container.service],com.ibm.ws.container.service.resources.Messages,null]"
  appInfoRegistration = null
  modulesDeployed = class java.util.ArrayList@f791858
    serialVersionUID = "/* Could not access serialVersionUID */"
    DEFAULT_CAPACITY = "/* Could not access DEFAULT_CAPACITY */"
    EMPTY_ELEMENTDATA = "/* Could not access EMPTY_ELEMENTDATA */"
    DEFAULTCAPACITY_EMPTY_ELEMENTDATA = "/* Could not access DEFAULTCAPACITY_EMPTY_ELEMENTDATA */"
    elementData = "/* Could not access elementData */"
    size = "/* Could not access size */"
    MAX_ARRAY_SIZE = "/* Could not access MAX_ARRAY_SIZE */"
    modCount = "/* Could not access modCount */"
    MAX_ARRAY_SIZE = "/* Could not access MAX_ARRAY_SIZE */"
  starting = true
  started = false
  deployedAppServices = class com.ibm.ws.app.manager.module.internal.DeployedAppServicesImpl@5ba23eef
    SERVER_APPS_DIR = "${server.output.dir}/apps/"
    EXPANDED_APPS_DIR = "${server.output.dir}/apps/expanded/"
    bundleContext = class org.eclipse.osgi.internal.framework.BundleContextImpl@bcd678e
      valid = true
      bundle = class org.eclipse.osgi.internal.framework.EquinoxBundle@5e6879a2
      container = class org.eclipse.osgi.internal.framework.EquinoxContainer@66a9451d
      debug = class org.eclipse.osgi.internal.debug.Debug@3e90cad7
      servicesInUse = class java.util.HashMap@549c8b93
      activator = null
      contextLock = class java.lang.Object@2168a19e
    applicationInfoFactory = class com.ibm.ws.container.service.app.deploy.internal.ApplicationInfoFactoryImpl@4094da09
    futureMonitor = class com.ibm.ws.threading.internal.FutureMonitorImpl@2667cd1f
    classLoadingService = class com.ibm.ws.classloading.internal.ClassLoadingServiceImpl@565ed2bb
    globalSharedLibrary = class com.ibm.ws.library.internal.SharedLibraryImpl@5b88d799
    globalSharedLibraryPid = "com.ibm.ws.classloading.sharedlibrary_9"
    configAdmin = class com.ibm.ws.config.admin.internal.ConfigurationAdminImpl@b68894f
    metaDataService = class com.ibm.ws.container.service.metadata.internal.MetaDataServiceImpl@716a5c49
    stateChangeService = class com.ibm.ws.container.service.state.internal.StateChangeServiceImpl@141e1c4e
    allModuleTypes = class java.lang.String[4]
      String[0] = "ejb"
      String[1] = "web"
      String[2] = "client"
      String[3] = "connector"
    moduleMetaDataExtenders = class java.util.concurrent.ConcurrentHashMap@62ad8bce
      serialVersionUID = "/* Could not access serialVersionUID */"
      MAXIMUM_CAPACITY = "/* Could not access MAXIMUM_CAPACITY */"
      DEFAULT_CAPACITY = "/* Could not access DEFAULT_CAPACITY */"
      MAX_ARRAY_SIZE = "/* Could not access MAX_ARRAY_SIZE */"
      DEFAULT_CONCURRENCY_LEVEL = "/* Could not access DEFAULT_CONCURRENCY_LEVEL */"
      LOAD_FACTOR = "/* Could not access LOAD_FACTOR */"
      TREEIFY_THRESHOLD = "/* Could not access TREEIFY_THRESHOLD */"
      UNTREEIFY_THRESHOLD = "/* Could not access UNTREEIFY_THRESHOLD */"
      MIN_TREEIFY_CAPACITY = "/* Could not access MIN_TREEIFY_CAPACITY */"
      MIN_TRANSFER_STRIDE = "/* Could not access MIN_TRANSFER_STRIDE */"
      RESIZE_STAMP_BITS = "/* Could not access RESIZE_STAMP_BITS */"
      MAX_RESIZERS = "/* Could not access MAX_RESIZERS */"
      RESIZE_STAMP_SHIFT = "/* Could not access RESIZE_STAMP_SHIFT */"
      MOVED = "/* Could not access MOVED */"
      TREEBIN = "/* Could not access TREEBIN */"
      RESERVED = "/* Could not access RESERVED */"
      HASH_BITS = "/* Could not access HASH_BITS */"
      NCPU = "/* Could not access NCPU */"
      serialPersistentFields = "/* Could not access serialPersistentFields */"
      table = "/* Could not access table */"
      nextTable = "/* Could not access nextTable */"
      baseCount = "/* Could not access baseCount */"
      sizeCtl = "/* Could not access sizeCtl */"
      transferIndex = "/* Could not access transferIndex */"
      cellsBusy = "/* Could not access cellsBusy */"
      counterCells = "/* Could not access counterCells */"
      keySet = "/* Could not access keySet */"
      values = "/* Could not access values */"
      entrySet = "/* Could not access entrySet */"
      U = "/* Could not access U */"
      SIZECTL = "/* Could not access SIZECTL */"
      TRANSFERINDEX = "/* Could not access TRANSFERINDEX */"
      BASECOUNT = "/* Could not access BASECOUNT */"
      CELLSBUSY = "/* Could not access CELLSBUSY */"
      CELLVALUE = "/* Could not access CELLVALUE */"
      ABASE = "/* Could not access ABASE */"
      ASHIFT = "/* Could not access ASHIFT */"
      keySet = "/* Could not access keySet */"
      values = "/* Could not access values */"
    nestedModuleMetaDataFactories = class java.util.concurrent.ConcurrentHashMap@ca00b74
      serialVersionUID = "/* Could not access serialVersionUID */"
      MAXIMUM_CAPACITY = "/* Could not access MAXIMUM_CAPACITY */"
      DEFAULT_CAPACITY = "/* Could not access DEFAULT_CAPACITY */"
      MAX_ARRAY_SIZE = "/* Could not access MAX_ARRAY_SIZE */"
      DEFAULT_CONCURRENCY_LEVEL = "/* Could not access DEFAULT_CONCURRENCY_LEVEL */"
      LOAD_FACTOR = "/* Could not access LOAD_FACTOR */"
      TREEIFY_THRESHOLD = "/* Could not access TREEIFY_THRESHOLD */"
      UNTREEIFY_THRESHOLD = "/* Could not access UNTREEIFY_THRESHOLD */"
      MIN_TREEIFY_CAPACITY = "/* Could not access MIN_TREEIFY_CAPACITY */"
      MIN_TRANSFER_STRIDE = "/* Could not access MIN_TRANSFER_STRIDE */"
      RESIZE_STAMP_BITS = "/* Could not access RESIZE_STAMP_BITS */"
      MAX_RESIZERS = "/* Could not access MAX_RESIZERS */"
      RESIZE_STAMP_SHIFT = "/* Could not access RESIZE_STAMP_SHIFT */"
      MOVED = "/* Could not access MOVED */"
      TREEBIN = "/* Could not access TREEBIN */"
      RESERVED = "/* Could not access RESERVED */"
      HASH_BITS = "/* Could not access HASH_BITS */"
      NCPU = "/* Could not access NCPU */"
      serialPersistentFields = "/* Could not access serialPersistentFields */"
      table = "/* Could not access table */"
      nextTable = "/* Could not access nextTable */"
      baseCount = "/* Could not access baseCount */"
      sizeCtl = "/* Could not access sizeCtl */"
      transferIndex = "/* Could not access transferIndex */"
      cellsBusy = "/* Could not access cellsBusy */"
      counterCells = "/* Could not access counterCells */"
      keySet = "/* Could not access keySet */"
      values = "/* Could not access values */"
      entrySet = "/* Could not access entrySet */"
      U = "/* Could not access U */"
      SIZECTL = "/* Could not access SIZECTL */"
      TRANSFERINDEX = "/* Could not access TRANSFERINDEX */"
      BASECOUNT = "/* Could not access BASECOUNT */"
      CELLSBUSY = "/* Could not access CELLSBUSY */"
      CELLVALUE = "/* Could not access CELLVALUE */"
      ABASE = "/* Could not access ABASE */"
      ASHIFT = "/* Could not access ASHIFT */"
      keySet = "/* Could not access keySet */"
      values = "/* Could not access values */"
    permissionManager = class com.ibm.ws.classloading.java2sec.PermissionManager@362a6765
    locAdmin = class com.ibm.ws.kernel.service.location.internal.WsLocationAdminImpl@690c0c4
      tc = class com.ibm.websphere.ras.TraceComponent@21f57ae6
      LOC_INTERNAL_LIB_DIR = "wlp.lib.dir"
      LOC_INTERNAL_WORKAREA_DIR = "wlp.workarea.dir"
      LOC_AREA_NAME_APPS = "shared/apps/"
      LOC_AREA_NAME_CONFIG = "shared/config/"
      LOC_AREA_NAME_RESC = "shared/resources/"
      LOC_AREA_NAME_STATE = "logs/state/"
      LOC_AREA_NAME_SERVERS = "servers/"
      LOC_AREA_NAME_CLIENTS = "clients/"
      LOC_AREA_NAME_WORKING = "workarea/"
      LOC_AREA_NAME_LOGS = "logs/"
      LOC_AREA_NAME_EXTENSION = "extension/"
      instance = class com.ibm.ws.kernel.service.location.internal.WsLocationAdminImpl@690c0c4
      installRoot = class com.ibm.ws.kernel.service.location.internal.SymbolicRootResource@6026e442
      installParentRoot = class com.ibm.ws.kernel.service.location.internal.SymbolicRootResource@6f78365e
      userRoot = class com.ibm.ws.kernel.service.location.internal.SymbolicRootResource@81423a2
      usrExtensionRoot = class com.ibm.ws.kernel.service.location.internal.SymbolicRootResource@3af7a7db
      serverConfigDir = class com.ibm.ws.kernel.service.location.internal.SymbolicRootResource@6d244033
      serverOutputDir = class com.ibm.ws.kernel.service.location.internal.SymbolicRootResource@6d244033
      bootstrapLib = class com.ibm.ws.kernel.service.location.internal.LocalFileResource@4340410f
      serverWorkarea = class com.ibm.ws.kernel.service.location.internal.LocalFileResource@6a6063f6
      serverState = class com.ibm.ws.kernel.service.location.internal.LocalFileResource@6daec81e
      sharedAppsRoot = class com.ibm.ws.kernel.service.location.internal.SymbolicRootResource@22c42840
      sharedConfigRoot = class com.ibm.ws.kernel.service.location.internal.SymbolicRootResource@634d4d2e
      sharedResourceRoot = class com.ibm.ws.kernel.service.location.internal.SymbolicRootResource@adbed62
      tmpRoot = class com.ibm.ws.kernel.service.location.internal.SymbolicRootResource@11ae2a1f
      serverName = "defaultServer"
      resourcePaths = class java.util.ArrayList@12ab8642
      resourceGroups = class java.util.HashMap@1b868d04
      commonRoot = class com.ibm.ws.kernel.service.location.internal.VirtualRootResource@4e63d3eb
      serverCfgDirStr = "C:/Users/karol/Desktop/projekty-ogolne/jakarta-lab-1/target/liberty/wlp/usr/servers/defaultServer/"
      variableSourceDirs = "C:/Users/karol/Desktop/projekty-ogolne/jakarta-lab-1/target/liberty/wlp/usr/servers/defaultServer/variables/"
      serialVersionUID = 7963438175177362522
    artifactFactory = class com.ibm.ws.artifact.internal.ArtifactContainerFactoryService@30cfcd88
      CATEGORY_PROP_NAME = "category"
      ENTRY_KEY = "com.ibm.wsspi.artifact.ArtifactEntry"
      helperMap = class com.ibm.wsspi.kernel.service.utils.ConcurrentServiceReferenceSetMap@70f6cc72
      contributorMap = class com.ibm.wsspi.kernel.service.utils.ConcurrentServiceReferenceSetMap@480866c9
      helperCategoryMap = class com.ibm.wsspi.kernel.service.utils.ConcurrentServiceReferenceSetMap@510fb515
      contributorCategoryMap = class com.ibm.wsspi.kernel.service.utils.ConcurrentServiceReferenceSetMap@520d0d4e
      categories = class java.util.Collections$SynchronizedSet@14dece21
      baseProperties = class org.apache.felix.scr.impl.helper.ReadOnlyDictionary@1f6bdc5d
      registration = class com.ibm.ws.kernel.service.util.ServiceRegistrationModifier@336075b8
      serialVersionUID = 6566424214406946230
      $$$tc$$$ = class com.ibm.websphere.ras.TraceComponent@694e19b8
    moduleFactory = class com.ibm.ws.adaptable.module.internal.AdaptableModuleFactoryImpl@39747b20
      adapterFactoryService = class com.ibm.ws.adaptable.module.internal.AdapterFactoryServiceImpl@4246c9d9
      containerFactory = class com.ibm.ws.artifact.internal.ArtifactContainerFactoryService@30cfcd88
      overlayContainerFactory = class com.ibm.ws.artifact.overlay.internal.OverlayContainerFactoryImpl@2f5ae621
      serialVersionUID = 4200251809856292987
      $$$tc$$$ = class com.ibm.websphere.ras.TraceComponent@75c17c7f
    serialVersionUID = 8537801607979767986
    $$$tc$$$ = class com.ibm.websphere.ras.TraceComponent@70305ee5
      strings[0] = "TraceComponent[com.ibm.ws.app.manager.module.internal.DeployedAppServicesImpl,class com.ibm.ws.app.manager.module.internal.DeployedAppServicesImpl,[applications, app.manager],null,null]"
  futureMonitor = class com.ibm.ws.threading.internal.FutureMonitorImpl@2667cd1f
    _monitor = class java.util.concurrent.ConcurrentLinkedQueue@79da5055
      serialVersionUID = "/* Could not access serialVersionUID */"
      head = "/* Could not access head */"
      tail = "/* Could not access tail */"
      MAX_HOPS = "/* Could not access MAX_HOPS */"
      HEAD = "/* Could not access HEAD */"
      TAIL = "/* Could not access TAIL */"
      ITEM = "/* Could not access ITEM */"
      NEXT = "/* Could not access NEXT */"
      MAX_ARRAY_SIZE = "/* Could not access MAX_ARRAY_SIZE */"
    _executor = class com.ibm.ws.threading.internal.ScheduledExecutorImpl@5e4666e6
      threadGroupName = "Scheduled Executor Thread Group"
      executor = class com.ibm.ws.threading.internal.ExecutorServiceImpl@67006ed6
      serialVersionUID = -9110693807503469597
      $$$tc$$$ = class com.ibm.websphere.ras.TraceComponent@343318f5
      continueExistingPeriodicTasksAfterShutdown = "/* Could not access continueExistingPeriodicTasksAfterShutdown */"
      executeExistingDelayedTasksAfterShutdown = "/* Could not access executeExistingDelayedTasksAfterShutdown */"
      removeOnCancel = "/* Could not access removeOnCancel */"
      sequencer = "/* Could not access sequencer */"
      DEFAULT_KEEPALIVE_MILLIS = "/* Could not access DEFAULT_KEEPALIVE_MILLIS */"
      ctl = "/* Could not access ctl */"
      COUNT_BITS = "/* Could not access COUNT_BITS */"
      COUNT_MASK = "/* Could not access COUNT_MASK */"
      RUNNING = "/* Could not access RUNNING */"
      SHUTDOWN = "/* Could not access SHUTDOWN */"
      STOP = "/* Could not access STOP */"
      TIDYING = "/* Could not access TIDYING */"
      TERMINATED = "/* Could not access TERMINATED */"
      workQueue = "/* Could not access workQueue */"
      mainLock = "/* Could not access mainLock */"
      workers = "/* Could not access workers */"
      termination = "/* Could not access termination */"
      largestPoolSize = "/* Could not access largestPoolSize */"
      completedTaskCount = "/* Could not access completedTaskCount */"
      threadFactory = "/* Could not access threadFactory */"
      handler = "/* Could not access handler */"
      keepAliveTime = "/* Could not access keepAliveTime */"
      allowCoreThreadTimeOut = "/* Could not access allowCoreThreadTimeOut */"
      corePoolSize = "/* Could not access corePoolSize */"
      maximumPoolSize = "/* Could not access maximumPoolSize */"
      defaultHandler = "/* Could not access defaultHandler */"
      shutdownPerm = "/* Could not access shutdownPerm */"
      ONLY_ONE = "/* Could not access ONLY_ONE */"
      $assertionsDisabled = "/* Could not access $assertionsDisabled */"
    _threadRunning = class java.util.concurrent.atomic.AtomicBoolean@102a491f
      serialVersionUID = "/* Could not access serialVersionUID */"
      VALUE = "/* Could not access VALUE */"
      value = "/* Could not access value */"
    _thread = class com.ibm.ws.threading.internal.FutureMonitorImpl$1@43f68135
      this$0 = class com.ibm.ws.threading.internal.FutureMonitorImpl@2667cd1f
      serialVersionUID = 2422512430832938099
      $$$tc$$$ = class com.ibm.websphere.ras.TraceComponent@4b4498bc
    serialVersionUID = 2765238413969174390
    $$$tc$$$ = class com.ibm.websphere.ras.TraceComponent@50819bd1
      strings[0] = "TraceComponent[com.ibm.ws.threading.internal.FutureMonitorImpl,class com.ibm.ws.threading.internal.FutureMonitorImpl,[Threading],com.ibm.ws.threading.internal.resources.ThreadingMessages,null]"
  appInfoFactory = class com.ibm.ws.container.service.app.deploy.internal.ApplicationInfoFactoryImpl@4094da09
    j2eeNameFactory = class com.ibm.wsspi.kernel.service.utils.AtomicServiceReference@2f9a8786
      referenceName = "j2eeNameFactory"
      tuple = class java.util.concurrent.atomic.AtomicReference@6bdc1115
      serialVersionUID = 2226592364007985000
      $$$tc$$$ = class com.ibm.websphere.ras.TraceComponent@68ebd529
    names = class java.util.HashSet@700f5bad
      serialVersionUID = "/* Could not access serialVersionUID */"
      map = "/* Could not access map */"
      PRESENT = "/* Could not access PRESENT */"
      MAX_ARRAY_SIZE = "/* Could not access MAX_ARRAY_SIZE */"
    serialVersionUID = 6232436640731165768
    $$$tc$$$ = class com.ibm.websphere.ras.TraceComponent@398d64a7
      strings[0] = "TraceComponent[com.ibm.ws.container.service.app.deploy.internal.ApplicationInfoFactoryImpl,class com.ibm.ws.container.service.app.deploy.internal.ApplicationInfoFactoryImpl,[container.service],com.ibm.ws.container.service.resources.Messages,null]"
  metaDataService = class com.ibm.ws.container.service.metadata.internal.MetaDataServiceImpl@716a5c49
    applicationMetaDataManager = class com.ibm.ws.container.service.metadata.internal.ApplicationMetaDataManager@72f3b9b0
      serialVersionUID = 1843747281024490904
      $$$tc$$$ = class com.ibm.websphere.ras.TraceComponent@103e2ba6
      listeners = class com.ibm.wsspi.kernel.service.utils.ConcurrentServiceReferenceSet@5782b5ba
      metaDataIDs = class com.ibm.ws.container.service.metadata.internal.IndexList@33c8c92f
      metaDatas = class java.util.ArrayList@2e15e02c
      slotIDs = class com.ibm.ws.container.service.metadata.internal.IndexList@1671c382
      serialVersionUID = 5464421863354792977
      $$$tc$$$ = class com.ibm.websphere.ras.TraceComponent@1445f3e7
    moduleMetaDataManager = class com.ibm.ws.container.service.metadata.internal.ModuleMetaDataManager@32bb2aa6
      serialVersionUID = 2513574389899327209
      $$$tc$$$ = class com.ibm.websphere.ras.TraceComponent@4b20f477
      listeners = class com.ibm.wsspi.kernel.service.utils.ConcurrentServiceReferenceSet@4e94caf1
      metaDataIDs = class com.ibm.ws.container.service.metadata.internal.IndexList@789efd92
      metaDatas = class java.util.ArrayList@3f39015
      slotIDs = class com.ibm.ws.container.service.metadata.internal.IndexList@8ac6dc7
      serialVersionUID = 5464421863354792977
      $$$tc$$$ = class com.ibm.websphere.ras.TraceComponent@1445f3e7
    componentMetaDataManager = class com.ibm.ws.container.service.metadata.internal.ComponentMetaDataManager@2c690aa
      serialVersionUID = 8629793739641703882
      $$$tc$$$ = class com.ibm.websphere.ras.TraceComponent@3927f53a
      listeners = class com.ibm.wsspi.kernel.service.utils.ConcurrentServiceReferenceSet@ed26e5d
      metaDataIDs = class com.ibm.ws.container.service.metadata.internal.IndexList@6067100
      metaDatas = class java.util.ArrayList@4a630759
      slotIDs = class com.ibm.ws.container.service.metadata.internal.IndexList@52b08a9b
      serialVersionUID = 5464421863354792977
      $$$tc$$$ = class com.ibm.websphere.ras.TraceComponent@1445f3e7
    methodMetaDataManager = class com.ibm.ws.container.service.metadata.internal.MethodMetaDataManager@4db8e26e
      serialVersionUID = -8002489041502300640
      $$$tc$$$ = class com.ibm.websphere.ras.TraceComponent@2bad94c3
      listeners = class com.ibm.wsspi.kernel.service.utils.ConcurrentServiceReferenceSet@519a8c93
      metaDataIDs = class com.ibm.ws.container.service.metadata.internal.IndexList@57f1d1e8
      metaDatas = class java.util.ArrayList@7a72cc4f
      slotIDs = class com.ibm.ws.container.service.metadata.internal.IndexList@ab02e22
      serialVersionUID = 5464421863354792977
      $$$tc$$$ = class com.ibm.websphere.ras.TraceComponent@1445f3e7
    appModuleNameToModuleContainer = class java.util.concurrent.ConcurrentHashMap@22e9fc50
      serialVersionUID = "/* Could not access serialVersionUID */"
      MAXIMUM_CAPACITY = "/* Could not access MAXIMUM_CAPACITY */"
      DEFAULT_CAPACITY = "/* Could not access DEFAULT_CAPACITY */"
      MAX_ARRAY_SIZE = "/* Could not access MAX_ARRAY_SIZE */"
      DEFAULT_CONCURRENCY_LEVEL = "/* Could not access DEFAULT_CONCURRENCY_LEVEL */"
      LOAD_FACTOR = "/* Could not access LOAD_FACTOR */"
      TREEIFY_THRESHOLD = "/* Could not access TREEIFY_THRESHOLD */"
      UNTREEIFY_THRESHOLD = "/* Could not access UNTREEIFY_THRESHOLD */"
      MIN_TREEIFY_CAPACITY = "/* Could not access MIN_TREEIFY_CAPACITY */"
      MIN_TRANSFER_STRIDE = "/* Could not access MIN_TRANSFER_STRIDE */"
      RESIZE_STAMP_BITS = "/* Could not access RESIZE_STAMP_BITS */"
      MAX_RESIZERS = "/* Could not access MAX_RESIZERS */"
      RESIZE_STAMP_SHIFT = "/* Could not access RESIZE_STAMP_SHIFT */"
      MOVED = "/* Could not access MOVED */"
      TREEBIN = "/* Could not access TREEBIN */"
      RESERVED = "/* Could not access RESERVED */"
      HASH_BITS = "/* Could not access HASH_BITS */"
      NCPU = "/* Could not access NCPU */"
      serialPersistentFields = "/* Could not access serialPersistentFields */"
      table = "/* Could not access table */"
      nextTable = "/* Could not access nextTable */"
      baseCount = "/* Could not access baseCount */"
      sizeCtl = "/* Could not access sizeCtl */"
      transferIndex = "/* Could not access transferIndex */"
      cellsBusy = "/* Could not access cellsBusy */"
      counterCells = "/* Could not access counterCells */"
      keySet = "/* Could not access keySet */"
      values = "/* Could not access values */"
      entrySet = "/* Could not access entrySet */"
      U = "/* Could not access U */"
      SIZECTL = "/* Could not access SIZECTL */"
      TRANSFERINDEX = "/* Could not access TRANSFERINDEX */"
      BASECOUNT = "/* Could not access BASECOUNT */"
      CELLSBUSY = "/* Could not access CELLSBUSY */"
      CELLVALUE = "/* Could not access CELLVALUE */"
      ABASE = "/* Could not access ABASE */"
      ASHIFT = "/* Could not access ASHIFT */"
      keySet = "/* Could not access keySet */"
      values = "/* Could not access values */"
    jeeNameToComponentMetaData = class java.util.concurrent.ConcurrentHashMap@49ec1cb1
      serialVersionUID = "/* Could not access serialVersionUID */"
      MAXIMUM_CAPACITY = "/* Could not access MAXIMUM_CAPACITY */"
      DEFAULT_CAPACITY = "/* Could not access DEFAULT_CAPACITY */"
      MAX_ARRAY_SIZE = "/* Could not access MAX_ARRAY_SIZE */"
      DEFAULT_CONCURRENCY_LEVEL = "/* Could not access DEFAULT_CONCURRENCY_LEVEL */"
      LOAD_FACTOR = "/* Could not access LOAD_FACTOR */"
      TREEIFY_THRESHOLD = "/* Could not access TREEIFY_THRESHOLD */"
      UNTREEIFY_THRESHOLD = "/* Could not access UNTREEIFY_THRESHOLD */"
      MIN_TREEIFY_CAPACITY = "/* Could not access MIN_TREEIFY_CAPACITY */"
      MIN_TRANSFER_STRIDE = "/* Could not access MIN_TRANSFER_STRIDE */"
      RESIZE_STAMP_BITS = "/* Could not access RESIZE_STAMP_BITS */"
      MAX_RESIZERS = "/* Could not access MAX_RESIZERS */"
      RESIZE_STAMP_SHIFT = "/* Could not access RESIZE_STAMP_SHIFT */"
      MOVED = "/* Could not access MOVED */"
      TREEBIN = "/* Could not access TREEBIN */"
      RESERVED = "/* Could not access RESERVED */"
      HASH_BITS = "/* Could not access HASH_BITS */"
      NCPU = "/* Could not access NCPU */"
      serialPersistentFields = "/* Could not access serialPersistentFields */"
      table = "/* Could not access table */"
      nextTable = "/* Could not access nextTable */"
      baseCount = "/* Could not access baseCount */"
      sizeCtl = "/* Could not access sizeCtl */"
      transferIndex = "/* Could not access transferIndex */"
      cellsBusy = "/* Could not access cellsBusy */"
      counterCells = "/* Could not access counterCells */"
      keySet = "/* Could not access keySet */"
      values = "/* Could not access values */"
      entrySet = "/* Could not access entrySet */"
      U = "/* Could not access U */"
      SIZECTL = "/* Could not access SIZECTL */"
      TRANSFERINDEX = "/* Could not access TRANSFERINDEX */"
      BASECOUNT = "/* Could not access BASECOUNT */"
      CELLSBUSY = "/* Could not access CELLSBUSY */"
      CELLVALUE = "/* Could not access CELLVALUE */"
      ABASE = "/* Could not access ABASE */"
      ASHIFT = "/* Could not access ASHIFT */"
      keySet = "/* Could not access keySet */"
      values = "/* Could not access values */"
    deferredMetaDataFactories = class com.ibm.wsspi.kernel.service.utils.ConcurrentServiceReferenceSet@7f9996e6
      referenceName = "deferredMetaDataFactory"
      contextRef = class java.util.concurrent.atomic.AtomicReference@3fd16f2a
      elementMap = class java.util.LinkedHashMap@685e08df
      elementSet = class java.util.concurrent.ConcurrentSkipListSet@eb90685
      elementSetUnsorted = false
      serialVersionUID = 756240983881166148
      $$$tc$$$ = class com.ibm.websphere.ras.TraceComponent@2e13100e
    deferredMetaDataInitializers = class com.ibm.wsspi.kernel.service.utils.ConcurrentServiceReferenceMap@7538a0e9
      referenceName = "deferredMetaDataFactory"
      context = class org.apache.felix.scr.impl.manager.ComponentContextImpl@63a1e3cd
      elementMap = class java.util.concurrent.ConcurrentHashMap@733eaa72
      serialVersionUID = 6980924785166233786
      $$$tc$$$ = class com.ibm.websphere.ras.TraceComponent@6258bcc5
    serialVersionUID = -2494605732980966097
    $$$tc$$$ = class com.ibm.websphere.ras.TraceComponent@693f0593
      strings[0] = "TraceComponent[com.ibm.ws.container.service.metadata.internal.MetaDataServiceImpl,class com.ibm.ws.container.service.metadata.internal.MetaDataServiceImpl,[Runtime],null,null]"
  stateChangeService = class com.ibm.ws.container.service.state.internal.StateChangeServiceImpl@141e1c4e
    applicationStateManager = class com.ibm.ws.container.service.state.internal.ApplicationStateManager@91a1e0f
      serialVersionUID = -6685368059484454124
      $$$tc$$$ = class com.ibm.websphere.ras.TraceComponent@ca6dd1b
      listeners = class com.ibm.wsspi.kernel.service.utils.ConcurrentServiceReferenceSet@628293bb
      serialVersionUID = 2284273176985484160
      $$$tc$$$ = class com.ibm.websphere.ras.TraceComponent@7082db1e
    moduleStateManager = class com.ibm.ws.container.service.state.internal.ModuleStateManager@622fcc3c
      serialVersionUID = -5540260902341249963
      $$$tc$$$ = class com.ibm.websphere.ras.TraceComponent@6d4ba28d
      listeners = class com.ibm.wsspi.kernel.service.utils.ConcurrentServiceReferenceSet@7e690aa3
      serialVersionUID = 2284273176985484160
      $$$tc$$$ = class com.ibm.websphere.ras.TraceComponent@7082db1e
    serialVersionUID = -537917915330350560
    $$$tc$$$ = class com.ibm.websphere.ras.TraceComponent@7f30dcbd
      strings[0] = "TraceComponent[com.ibm.ws.container.service.state.internal.StateChangeServiceImpl,class com.ibm.ws.container.service.state.internal.StateChangeServiceImpl,[Runtime],null,null]"
  moduleClassesInfo = class com.ibm.ws.app.manager.module.internal.SimpleDeployedAppInfoBase$ModuleClassesInfoProvider@53e26d4d
    entryContainerInfosMap = class java.util.HashMap@1ed4e8c3
      serialVersionUID = "/* Could not access serialVersionUID */"
      DEFAULT_INITIAL_CAPACITY = "/* Could not access DEFAULT_INITIAL_CAPACITY */"
      MAXIMUM_CAPACITY = "/* Could not access MAXIMUM_CAPACITY */"
      DEFAULT_LOAD_FACTOR = "/* Could not access DEFAULT_LOAD_FACTOR */"
      TREEIFY_THRESHOLD = "/* Could not access TREEIFY_THRESHOLD */"
      UNTREEIFY_THRESHOLD = "/* Could not access UNTREEIFY_THRESHOLD */"
      MIN_TREEIFY_CAPACITY = "/* Could not access MIN_TREEIFY_CAPACITY */"
      table = "/* Could not access table */"
      entrySet = "/* Could not access entrySet */"
      size = "/* Could not access size */"
      modCount = "/* Could not access modCount */"
      threshold = "/* Could not access threshold */"
      loadFactor = "/* Could not access loadFactor */"
      keySet = "/* Could not access keySet */"
      values = "/* Could not access values */"
    serialVersionUID = -70332790531324534
    $$$tc$$$ = class com.ibm.websphere.ras.TraceComponent@745b3812
      strings[0] = "TraceComponent[com.ibm.ws.app.manager.module.internal.SimpleDeployedAppInfoBase$ModuleClassesInfoProvider,class com.ibm.ws.app.manager.module.internal.SimpleDeployedAppInfoBase$ModuleClassesInfoProvider,[applications, app.manager],null,null]"
  moduleContainerInfos = class java.util.ArrayList@3540a1aa
    serialVersionUID = "/* Could not access serialVersionUID */"
    DEFAULT_CAPACITY = "/* Could not access DEFAULT_CAPACITY */"
    EMPTY_ELEMENTDATA = "/* Could not access EMPTY_ELEMENTDATA */"
    DEFAULTCAPACITY_EMPTY_ELEMENTDATA = "/* Could not access DEFAULTCAPACITY_EMPTY_ELEMENTDATA */"
    elementData = "/* Could not access elementData */"
    size = "/* Could not access size */"
    MAX_ARRAY_SIZE = "/* Could not access MAX_ARRAY_SIZE */"
    modCount = "/* Could not access modCount */"
    MAX_ARRAY_SIZE = "/* Could not access MAX_ARRAY_SIZE */"
  activeModuleHandlers = class java.util.IdentityHashMap@166b3b5f
    DEFAULT_CAPACITY = "/* Could not access DEFAULT_CAPACITY */"
    MINIMUM_CAPACITY = "/* Could not access MINIMUM_CAPACITY */"
    MAXIMUM_CAPACITY = "/* Could not access MAXIMUM_CAPACITY */"
    table = "/* Could not access table */"
    size = "/* Could not access size */"
    modCount = "/* Could not access modCount */"
    NULL_KEY = "/* Could not access NULL_KEY */"
    entrySet = "/* Could not access entrySet */"
    serialVersionUID = "/* Could not access serialVersionUID */"
    keySet = "/* Could not access keySet */"
    values = "/* Could not access values */"
  serialVersionUID = -2685719801501752993
  $$$tc$$$ = class com.ibm.websphere.ras.TraceComponent@7e844e78
    strings[0] = "TraceComponent[com.ibm.ws.app.manager.module.internal.SimpleDeployedAppInfoBase,class com.ibm.ws.app.manager.module.internal.SimpleDeployedAppInfoBase,[applications, app.manager],null,null]"

Dump of objectArray[0]
Object type = com.ibm.ws.threading.internal.NonCancelableResultFuture
  _done = false
  _result = null
  _failure = null
  _listeners = class java.util.concurrent.ConcurrentLinkedQueue@471ae3dd
    serialVersionUID = "/* Could not access serialVersionUID */"
    head = "/* Could not access head */"
    tail = "/* Could not access tail */"
    MAX_HOPS = "/* Could not access MAX_HOPS */"
    HEAD = "/* Could not access HEAD */"
    TAIL = "/* Could not access TAIL */"
    ITEM = "/* Could not access ITEM */"
    NEXT = "/* Could not access NEXT */"
    MAX_ARRAY_SIZE = "/* Could not access MAX_ARRAY_SIZE */"
  _notifiedListeners = class java.util.concurrent.atomic.AtomicBoolean@30d95b3b
    serialVersionUID = "/* Could not access serialVersionUID */"
    VALUE = "/* Could not access VALUE */"
    value = "/* Could not access value */"
  serialVersionUID = -296387658814354272
  $$$tc$$$ = class com.ibm.websphere.ras.TraceComponent@5b944ad1
    strings[0] = "TraceComponent[com.ibm.ws.threading.internal.NonCancelableResultFuture,class com.ibm.ws.threading.internal.NonCancelableResultFuture,[Threading],com.ibm.ws.threading.internal.resources.ThreadingMessages,null]"

