********************************************************************************
product = Open Liberty 22.0.0.10 (wlp-1.0.69.cl221020220912-1100)
wlp.install.dir = C:/Users/karol/Desktop/projekty-ogolne/jakarta-lab-1/target/liberty/wlp/
java.home = C:\Users\karol\jdk-11.0.17
java.version = 11.0.17
java.runtime = Java(TM) SE Runtime Environment (11.0.17+10-LTS-269)
os = Windows 10 (10.0; amd64) (pl_PL)
process = 24924@LAPTOP-UOC4FMLC
Classpath = C:\Users\karol\Desktop\projekty-ogolne\jakarta-lab-1\target\liberty\wlp\bin\tools\ws-server.jar
Java Library path = C:\Users\karol\jdk-11.0.17\bin;C:\Windows\Sun\Java\bin;C:\Windows\system32;C:\Windows;C:\Windows\system32;C:\Windows;C:\Windows\System32\Wbem;C:\Windows\System32\WindowsPowerShell\v1.0\;C:\Windows\System32\OpenSSH\;C:\Program Files (x86)\NVIDIA Corporation\PhysX\Common;C:\Program Files\NVIDIA Corporation\NVIDIA NvDLISR;C:\Program Files\Git\cmd;C:\Program Files\nodejs\;C:\Program Files\Microsoft SQL Server\150\Tools\Binn\;C:\Program Files\Microsoft SQL Server\Client SDK\ODBC\170\Tools\Binn\;C:\Program Files (x86)\Microsoft SQL Server\150\Tools\Binn\;C:\Program Files\Microsoft SQL Server\150\DTS\Binn\;C:\Program Files (x86)\Microsoft SQL Server\150\DTS\Binn\;C:\Program Files\Azure Data Studio\bin;C:\Program Files\Docker\Docker\resources\bin;C:\ProgramData\DockerDesktop\version-bin;C:\Program Files\dotnet\;C:\Program Files\Microsoft SQL Server\130\Tools\Binn\;C:\Program Files\maven-3.6.3\bin;C:\Program Files\Kubernetes\Minikube;C:\kubectl;C:\Program Files\PuTTY\;C:\ProgramData\chocolatey\bin;C:\Users\karol\jdk-11.0.17\bin;C:\Users\karol\AppData\Local\Microsoft\WindowsApps;C:\Users\karol\AppData\Local\Programs\Microsoft VS Code\bin;C:\Program Files\Git\bin;C:\Program Files\Git\cmd;C:\Users\karol\AppData\Local\gitkraken\bin;C:\Users\karol\AppData\Roaming\npm;C:\Program Files\Azure Data Studio\bin;C:\Users\karol\.dotnet\tools;.
********************************************************************************
[24.10.2022, 22:57:30:087 CEST] 00000001 com.ibm.ws.kernel.launch.internal.FrameworkManager           A CWWKE0001I: Serwer defaultServer zosta³ uruchomiony.
[24.10.2022, 22:57:31:322 CEST] 00000001 com.ibm.ws.kernel.launch.internal.FrameworkManager           I CWWKE0002I: J¹dro zosta³o uruchomione po 1,548 sek. s
[24.10.2022, 22:57:31:346 CEST] 0000002e com.ibm.ws.kernel.feature.internal.FeatureManager            I CWWKF0007I: Uruchomiono aktualizacjê sk³adnika.
[24.10.2022, 22:57:31:857 CEST] 00000023 com.ibm.ws.app.manager.internal.monitor.DropinMonitor        A CWWKZ0058I: Monitorowanie aplikacji w katalogu dropins.
[24.10.2022, 22:57:33:351 CEST] 0000003c com.ibm.ws.app.manager.AppMessageHelper                      I CWWKZ0018I: Uruchamianie aplikacji simple-rpg-1.0-SNAPSHOT.
[24.10.2022, 22:57:33:352 CEST] 0000003c bm.ws.app.manager.war.internal.WARDeployedAppInfoFactoryImpl I CWWKZ0134I: Aplikacja simple-rpg-1.0-SNAPSHOT u¿ywa luŸnej definicji aplikacji w po³o¿eniu C:\Users\karol\Desktop\projekty-ogolne\jakarta-lab-1\target\liberty\wlp\usr\servers\defaultServer\dropins\simple-rpg-1.0-SNAPSHOT.war.xml.
[24.10.2022, 22:57:33:999 CEST] 0000003c com.ibm.ws.session.WASSessionCore                            I SESN8501I: Mened¿er sesji nie znalaz³ po³o¿enia trwa³ej pamiêci masowej. Obiekty HttpSession bêd¹ zapisywane w pamiêci lokalnego serwera aplikacji.
[24.10.2022, 22:57:34:117 CEST] 0000003c org.jboss.weld.Version                                       I WELD-000900: 3.1.9 (Final)
[24.10.2022, 22:57:35:403 CEST] 0000003c com.ibm.ws.webcontainer.osgi.webapp.WebGroup                 I SRVE0169I: £adowanie modu³u WWW: simple-rpg-1.0-SNAPSHOT.
[24.10.2022, 22:57:35:406 CEST] 0000003c com.ibm.ws.webcontainer                                      I SRVE0250I: Modu³ WWW simple-rpg-1.0-SNAPSHOT zosta³ powi¹zany z hostem wirtualnym default_host.
[24.10.2022, 22:57:35:407 CEST] 0000003c com.ibm.ws.http.internal.VirtualHostImpl                     A CWWKT0016I: Dostêpna aplikacja WWW (default_host): http://localhost:9080/simple-rpg/
[24.10.2022, 22:57:35:422 CEST] 0000004a com.ibm.ws.session.WASSessionCore                            I SESN0176I: W odniesieniu do klucza aplikacji default_host/simple-rpg zostanie utworzony nowy kontekst sesji.
[24.10.2022, 22:57:35:428 CEST] 0000004a com.ibm.ws.util                                              I SESN0172I: Mened¿er sesji korzysta przy generowaniu identyfikatora sesji z domyœlnej implementacji klasy SecureRandom jêzyka Java.
[24.10.2022, 22:57:35:447 CEST] 00000051 com.ibm.ws.webcontainer.osgi.mbeans.PluginGenerator          I SRVE9103I: Automatycznie wygenerowano plik konfiguracyjny wtyczki serwera WWW dla tego serwera w katalogu C:\Users\karol\Desktop\projekty-ogolne\jakarta-lab-1\target\liberty\wlp\usr\servers\defaultServer\logs\state\plugin-cfg.xml.
[24.10.2022, 22:57:35:564 CEST] 0000004a com.ibm.ws.app.manager.AppMessageHelper                      A CWWKZ0001I: Aplikacja simple-rpg-1.0-SNAPSHOT zosta³a uruchomiona w ci¹gu 2,213 sek.
[24.10.2022, 22:57:35:587 CEST] 0000002e com.ibm.ws.tcpchannel.internal.TCPPort                       I CWWKO0219I: Kana³ TCP defaultHttpEndpoint zosta³ uruchomiony i obecnie nas³uchuje ¿¹dañ na hoœcie kubernetes.docker.internal  (IPv4: 127.0.0.1) (port 9080).
[24.10.2022, 22:57:35:611 CEST] 0000002e com.ibm.ws.kernel.feature.internal.FeatureManager            A CWWKF0012I: Serwer zosta³ zainstalowany z nastêpuj¹cymi sk³adnikami: [cdi-2.0, jsonb-1.0, jsonp-1.1, servlet-4.0].
[24.10.2022, 22:57:35:612 CEST] 0000002e com.ibm.ws.kernel.feature.internal.FeatureManager            I CWWKF0008I: Aktualizacja sk³adnika zosta³a zakoñczona po 4,291 sek.
[24.10.2022, 22:57:35:613 CEST] 0000002e com.ibm.ws.kernel.feature.internal.FeatureManager            A CWWKF0011I: Serwer defaultServer jest gotowy do dzia³ania w trybie M¹drzejszy Œwiat. Serwer defaultServer zosta³ uruchomiony w ci¹gu 5,842 sekund.
[24.10.2022, 22:57:38:259 CEST] 0000002e com.ibm.ws.webcontainer.servlet                              I SRVE0242I: [simple-rpg-1.0-SNAPSHOT] [/simple-rpg] [pl.edu.pg.eti.kask.rpg.social.network.servlet.UserServlet]: inicjowanie powiod³o siê.
[24.10.2022, 22:57:39:197 CEST] 00000031 com.ibm.ws.http.internal.VirtualHostImpl                     A CWWKT0017I: Usuniêta aplikacja WWW (default_host): http://localhost:9080/simple-rpg/
[24.10.2022, 22:57:39:198 CEST] 00000031 com.ibm.ws.webcontainer.servlet                              I SRVE0253I: [simple-rpg-1.0-SNAPSHOT] [/simple-rpg] [pl.edu.pg.eti.kask.rpg.social.network.servlet.UserServlet]: niszczenie powiod³o siê.
[24.10.2022, 22:57:39:214 CEST] 00000031 com.ibm.ws.app.manager.AppMessageHelper                      A CWWKZ0009I: Aplikacja simple-rpg-1.0-SNAPSHOT zosta³a zatrzymana pomyœlnie.
[24.10.2022, 22:57:39:218 CEST] 00000031 com.ibm.ws.app.manager.AppMessageHelper                      I CWWKZ0018I: Uruchamianie aplikacji simple-rpg-1.0-SNAPSHOT.
[24.10.2022, 22:57:39:219 CEST] 00000031 bm.ws.app.manager.war.internal.WARDeployedAppInfoFactoryImpl I CWWKZ0134I: Aplikacja simple-rpg-1.0-SNAPSHOT u¿ywa luŸnej definicji aplikacji w po³o¿eniu C:\Users\karol\Desktop\projekty-ogolne\jakarta-lab-1\target\liberty\wlp\usr\servers\defaultServer\dropins\simple-rpg-1.0-SNAPSHOT.war.xml.
[24.10.2022, 22:57:39:420 CEST] 0000004d com.ibm.ws.webcontainer.osgi.mbeans.PluginGenerator          I SRVE9103I: Automatycznie wygenerowano plik konfiguracyjny wtyczki serwera WWW dla tego serwera w katalogu C:\Users\karol\Desktop\projekty-ogolne\jakarta-lab-1\target\liberty\wlp\usr\servers\defaultServer\logs\state\plugin-cfg.xml.
[24.10.2022, 22:57:39:642 CEST] 00000031 com.ibm.ws.webcontainer.osgi.webapp.WebGroup                 I SRVE0169I: £adowanie modu³u WWW: simple-rpg-1.0-SNAPSHOT.
[24.10.2022, 22:57:39:643 CEST] 00000031 com.ibm.ws.webcontainer                                      I SRVE0250I: Modu³ WWW simple-rpg-1.0-SNAPSHOT zosta³ powi¹zany z hostem wirtualnym default_host.
[24.10.2022, 22:57:39:643 CEST] 00000031 com.ibm.ws.http.internal.VirtualHostImpl                     A CWWKT0016I: Dostêpna aplikacja WWW (default_host): http://localhost:9080/simple-rpg/
[24.10.2022, 22:57:39:645 CEST] 00000045 com.ibm.ws.session.WASSessionCore                            I SESN0176I: W odniesieniu do klucza aplikacji default_host/simple-rpg zostanie utworzony nowy kontekst sesji.
[24.10.2022, 22:57:39:646 CEST] 00000045 com.ibm.ws.util                                              I SESN0172I: Mened¿er sesji korzysta przy generowaniu identyfikatora sesji z domyœlnej implementacji klasy SecureRandom jêzyka Java.
[24.10.2022, 22:57:39:672 CEST] 0000002f com.ibm.ws.webcontainer.osgi.mbeans.PluginGenerator          I SRVE9103I: Automatycznie wygenerowano plik konfiguracyjny wtyczki serwera WWW dla tego serwera w katalogu C:\Users\karol\Desktop\projekty-ogolne\jakarta-lab-1\target\liberty\wlp\usr\servers\defaultServer\logs\state\plugin-cfg.xml.
[24.10.2022, 22:57:39:685 CEST] 00000045 com.ibm.ws.app.manager.AppMessageHelper                      A CWWKZ0003I: Aplikacja simple-rpg-1.0-SNAPSHOT zosta³a zaktualizowana w ci¹gu 0,467 sek.
[24.10.2022, 23:09:49:643 CEST] 00000191 com.ibm.ws.webcontainer.servlet                              I SRVE0242I: [simple-rpg-1.0-SNAPSHOT] [/simple-rpg] [pl.edu.pg.eti.kask.rpg.social.network.servlet.UserServlet]: inicjowanie powiod³o siê.
[24.10.2022, 23:12:10:128 CEST] 0000020f com.ibm.ws.webcontainer.servlet                              I SRVE0242I: [simple-rpg-1.0-SNAPSHOT] [/simple-rpg] [pl.edu.pg.eti.kask.rpg.social.network.servlet.UserImageServlet]: inicjowanie powiod³o siê.
[24.10.2022, 23:12:10:154 CEST] 0000020f SystemOut                                                    O C:\Users\karol\imagelab1
[24.10.2022, 23:12:11:413 CEST] 0000020f com.ibm.ws.webcontainer.util.ApplicationErrorUtils           E SRVE0777E: Wyj¹tek zg³oszony przez klasê aplikacji pl.edu.pg.eti.kask.rpg.social.network.repository.UserRepository.update:57
java.lang.UnsupportedOperationException: Not implemented.
	at pl.edu.pg.eti.kask.rpg.social.network.repository.UserRepository.update(UserRepository.java:57)
	at pl.edu.pg.eti.kask.rpg.social.network.service.UserService.deleteImage(UserService.java:93)
	at pl.edu.pg.eti.kask.rpg.social.network.service.UserService.updateImage(UserService.java:115)
	at pl.edu.pg.eti.kask.rpg.social.network.service.UserService$Proxy$_$$_WeldClientProxy.updateImage(Unknown Source)
	at pl.edu.pg.eti.kask.rpg.social.network.servlet.UserImageServlet.putImage(UserImageServlet.java:118)
	at pl.edu.pg.eti.kask.rpg.social.network.servlet.UserImageServlet.doPut(UserImageServlet.java:104)
	at javax.servlet.http.HttpServlet.service(HttpServlet.java:709)
	at javax.servlet.http.HttpServlet.service(HttpServlet.java:791)
	at com.ibm.ws.webcontainer.servlet.ServletWrapper.service(ServletWrapper.java:1258)
	at com.ibm.ws.webcontainer.servlet.ServletWrapper.handleRequest(ServletWrapper.java:746)
	at com.ibm.ws.webcontainer.servlet.ServletWrapper.handleRequest(ServletWrapper.java:443)
	at com.ibm.ws.webcontainer.filter.WebAppFilterManager.invokeFilters(WebAppFilterManager.java:1227)
	at com.ibm.ws.webcontainer.webapp.WebApp.handleRequest(WebApp.java:5058)
	at com.ibm.ws.webcontainer.osgi.DynamicVirtualHost$2.handleRequest(DynamicVirtualHost.java:316)
	at com.ibm.ws.webcontainer.WebContainer.handleRequest(WebContainer.java:1007)
	at com.ibm.ws.webcontainer.osgi.DynamicVirtualHost$2.run(DynamicVirtualHost.java:281)
	at com.ibm.ws.http.dispatcher.internal.channel.HttpDispatcherLink$TaskWrapper.run(HttpDispatcherLink.java:1239)
	at com.ibm.ws.http.dispatcher.internal.channel.HttpDispatcherLink.wrapHandlerAndExecute(HttpDispatcherLink.java:468)
	at com.ibm.ws.http.dispatcher.internal.channel.HttpDispatcherLink.ready(HttpDispatcherLink.java:427)
	at com.ibm.ws.http.channel.internal.inbound.HttpInboundLink.handleDiscrimination(HttpInboundLink.java:566)
	at com.ibm.ws.http.channel.internal.inbound.HttpInboundLink.handleNewRequest(HttpInboundLink.java:500)
	at com.ibm.ws.http.channel.internal.inbound.HttpInboundLink.processRequest(HttpInboundLink.java:360)
	at com.ibm.ws.http.channel.internal.inbound.HttpInboundLink.ready(HttpInboundLink.java:327)
	at com.ibm.ws.tcpchannel.internal.NewConnectionInitialReadCallback.sendToDiscriminators(NewConnectionInitialReadCallback.java:167)
	at com.ibm.ws.tcpchannel.internal.NewConnectionInitialReadCallback.complete(NewConnectionInitialReadCallback.java:75)
	at com.ibm.ws.tcpchannel.internal.WorkQueueManager.requestComplete(WorkQueueManager.java:514)
	at com.ibm.ws.tcpchannel.internal.WorkQueueManager.attemptIO(WorkQueueManager.java:584)
	at com.ibm.ws.tcpchannel.internal.WorkQueueManager.workerRun(WorkQueueManager.java:968)
	at com.ibm.ws.tcpchannel.internal.WorkQueueManager$Worker.run(WorkQueueManager.java:1057)
	at com.ibm.ws.threading.internal.ExecutorServiceImpl$RunnableWrapper.run(ExecutorServiceImpl.java:245)
	at java.base/java.util.concurrent.ThreadPoolExecutor.runWorker(ThreadPoolExecutor.java:1128)
	at java.base/java.util.concurrent.ThreadPoolExecutor$Worker.run(ThreadPoolExecutor.java:628)
	at java.base/java.lang.Thread.run(Thread.java:834)

[24.10.2022, 23:12:11:537 CEST] 0000020f com.ibm.ws.logging.internal.impl.IncidentImpl                I FFDC1015I: Zosta³o utworzone zdarzenie FFDC: java.lang.UnsupportedOperationException: Not implemented. com.ibm.ws.webcontainer.filter.WebAppFilterManager.invokeFilters 1105 w ffdc_22.10.24_23.12.11.0.log
[24.10.2022, 23:12:11:543 CEST] 0000020f com.ibm.ws.webcontainer.webapp                               E SRVE0315E: Wyst¹pi³ wyj¹tek: java.lang.Throwable: java.lang.UnsupportedOperationException: Not implemented.
	at com.ibm.ws.webcontainer.webapp.WebApp.handleRequest(WebApp.java:5116)
	at com.ibm.ws.webcontainer.osgi.DynamicVirtualHost$2.handleRequest(DynamicVirtualHost.java:316)
	at com.ibm.ws.webcontainer.WebContainer.handleRequest(WebContainer.java:1007)
	at com.ibm.ws.webcontainer.osgi.DynamicVirtualHost$2.run(DynamicVirtualHost.java:281)
	at com.ibm.ws.http.dispatcher.internal.channel.HttpDispatcherLink$TaskWrapper.run(HttpDispatcherLink.java:1239)
	at com.ibm.ws.http.dispatcher.internal.channel.HttpDispatcherLink.wrapHandlerAndExecute(HttpDispatcherLink.java:468)
	at com.ibm.ws.http.dispatcher.internal.channel.HttpDispatcherLink.ready(HttpDispatcherLink.java:427)
	at com.ibm.ws.http.channel.internal.inbound.HttpInboundLink.handleDiscrimination(HttpInboundLink.java:566)
	at com.ibm.ws.http.channel.internal.inbound.HttpInboundLink.handleNewRequest(HttpInboundLink.java:500)
	at com.ibm.ws.http.channel.internal.inbound.HttpInboundLink.processRequest(HttpInboundLink.java:360)
	at com.ibm.ws.http.channel.internal.inbound.HttpInboundLink.ready(HttpInboundLink.java:327)
	at com.ibm.ws.tcpchannel.internal.NewConnectionInitialReadCallback.sendToDiscriminators(NewConnectionInitialReadCallback.java:167)
	at com.ibm.ws.tcpchannel.internal.NewConnectionInitialReadCallback.complete(NewConnectionInitialReadCallback.java:75)
	at com.ibm.ws.tcpchannel.internal.WorkQueueManager.requestComplete(WorkQueueManager.java:514)
	at com.ibm.ws.tcpchannel.internal.WorkQueueManager.attemptIO(WorkQueueManager.java:584)
	at com.ibm.ws.tcpchannel.internal.WorkQueueManager.workerRun(WorkQueueManager.java:968)
	at com.ibm.ws.tcpchannel.internal.WorkQueueManager$Worker.run(WorkQueueManager.java:1057)
	at com.ibm.ws.threading.internal.ExecutorServiceImpl$RunnableWrapper.run(ExecutorServiceImpl.java:245)
	at java.base/java.util.concurrent.ThreadPoolExecutor.runWorker(ThreadPoolExecutor.java:1128)
	at java.base/java.util.concurrent.ThreadPoolExecutor$Worker.run(ThreadPoolExecutor.java:628)
	at java.base/java.lang.Thread.run(Thread.java:834)
Caused by: java.lang.UnsupportedOperationException: Not implemented.
	at pl.edu.pg.eti.kask.rpg.social.network.repository.UserRepository.update(UserRepository.java:57)
	at pl.edu.pg.eti.kask.rpg.social.network.service.UserService.deleteImage(UserService.java:93)
	at pl.edu.pg.eti.kask.rpg.social.network.service.UserService.updateImage(UserService.java:115)
	at pl.edu.pg.eti.kask.rpg.social.network.service.UserService$Proxy$_$$_WeldClientProxy.updateImage(Unknown Source)
	at pl.edu.pg.eti.kask.rpg.social.network.servlet.UserImageServlet.putImage(UserImageServlet.java:118)
	at pl.edu.pg.eti.kask.rpg.social.network.servlet.UserImageServlet.doPut(UserImageServlet.java:104)
	at javax.servlet.http.HttpServlet.service(HttpServlet.java:709)
	at javax.servlet.http.HttpServlet.service(HttpServlet.java:791)
	at com.ibm.ws.webcontainer.servlet.ServletWrapper.service(ServletWrapper.java:1258)
	at com.ibm.ws.webcontainer.servlet.ServletWrapper.handleRequest(ServletWrapper.java:746)
	at com.ibm.ws.webcontainer.servlet.ServletWrapper.handleRequest(ServletWrapper.java:443)
	at com.ibm.ws.webcontainer.filter.WebAppFilterManager.invokeFilters(WebAppFilterManager.java:1227)
	at com.ibm.ws.webcontainer.webapp.WebApp.handleRequest(WebApp.java:5058)
	... 20 more

[24.10.2022, 23:13:22:954 CEST] 0000022a com.ibm.ws.http.internal.VirtualHostImpl                     A CWWKT0017I: Usuniêta aplikacja WWW (default_host): http://localhost:9080/simple-rpg/
[24.10.2022, 23:13:22:955 CEST] 0000022a com.ibm.ws.webcontainer.servlet                              I SRVE0253I: [simple-rpg-1.0-SNAPSHOT] [/simple-rpg] [pl.edu.pg.eti.kask.rpg.social.network.servlet.UserImageServlet]: niszczenie powiod³o siê.
[24.10.2022, 23:13:22:955 CEST] 0000022a com.ibm.ws.webcontainer.servlet                              I SRVE0253I: [simple-rpg-1.0-SNAPSHOT] [/simple-rpg] [pl.edu.pg.eti.kask.rpg.social.network.servlet.UserServlet]: niszczenie powiod³o siê.
[24.10.2022, 23:13:22:964 CEST] 0000022a com.ibm.ws.app.manager.AppMessageHelper                      A CWWKZ0009I: Aplikacja simple-rpg-1.0-SNAPSHOT zosta³a zatrzymana pomyœlnie.
[24.10.2022, 23:13:22:972 CEST] 0000022a com.ibm.ws.app.manager.AppMessageHelper                      I CWWKZ0018I: Uruchamianie aplikacji simple-rpg-1.0-SNAPSHOT.
[24.10.2022, 23:13:22:972 CEST] 0000022a bm.ws.app.manager.war.internal.WARDeployedAppInfoFactoryImpl I CWWKZ0134I: Aplikacja simple-rpg-1.0-SNAPSHOT u¿ywa luŸnej definicji aplikacji w po³o¿eniu C:\Users\karol\Desktop\projekty-ogolne\jakarta-lab-1\target\liberty\wlp\usr\servers\defaultServer\dropins\simple-rpg-1.0-SNAPSHOT.war.xml.
[24.10.2022, 23:13:22:992 CEST] 0000024e com.ibm.ws.webcontainer.osgi.mbeans.PluginGenerator          I SRVE9103I: Automatycznie wygenerowano plik konfiguracyjny wtyczki serwera WWW dla tego serwera w katalogu C:\Users\karol\Desktop\projekty-ogolne\jakarta-lab-1\target\liberty\wlp\usr\servers\defaultServer\logs\state\plugin-cfg.xml.
[24.10.2022, 23:13:23:307 CEST] 0000022a com.ibm.ws.webcontainer.osgi.webapp.WebGroup                 I SRVE0169I: £adowanie modu³u WWW: simple-rpg-1.0-SNAPSHOT.
[24.10.2022, 23:13:23:307 CEST] 0000022a com.ibm.ws.webcontainer                                      I SRVE0250I: Modu³ WWW simple-rpg-1.0-SNAPSHOT zosta³ powi¹zany z hostem wirtualnym default_host.
[24.10.2022, 23:13:23:307 CEST] 0000022a com.ibm.ws.http.internal.VirtualHostImpl                     A CWWKT0016I: Dostêpna aplikacja WWW (default_host): http://localhost:9080/simple-rpg/
[24.10.2022, 23:13:23:309 CEST] 00000261 com.ibm.ws.session.WASSessionCore                            I SESN0176I: W odniesieniu do klucza aplikacji default_host/simple-rpg zostanie utworzony nowy kontekst sesji.
[24.10.2022, 23:13:23:309 CEST] 00000261 com.ibm.ws.util                                              I SESN0172I: Mened¿er sesji korzysta przy generowaniu identyfikatora sesji z domyœlnej implementacji klasy SecureRandom jêzyka Java.
[24.10.2022, 23:13:23:338 CEST] 0000020f com.ibm.ws.webcontainer.osgi.mbeans.PluginGenerator          I SRVE9103I: Automatycznie wygenerowano plik konfiguracyjny wtyczki serwera WWW dla tego serwera w katalogu C:\Users\karol\Desktop\projekty-ogolne\jakarta-lab-1\target\liberty\wlp\usr\servers\defaultServer\logs\state\plugin-cfg.xml.
[24.10.2022, 23:13:23:352 CEST] 00000261 com.ibm.ws.app.manager.AppMessageHelper                      A CWWKZ0003I: Aplikacja simple-rpg-1.0-SNAPSHOT zosta³a zaktualizowana w ci¹gu 0,379 sek.
[24.10.2022, 23:13:31:017 CEST] 0000001e com.ibm.ws.kernel.launch.internal.ServerCommandListener      A CWWKE0055I: Za¿¹dano zamkniêcia serwera w dniu poniedzia³ek, 24 paŸdziernika 2022 o godzinie 23:13. Serwer defaultServer jest wy³¹czany.
[24.10.2022, 23:13:31:020 CEST] 00000265 com.ibm.ws.runtime.update.internal.RuntimeUpdateManagerImpl  A CWWKE1100I: Oczekiwanie co najwy¿ej przez 30 s na wyciszenie serwera.
[24.10.2022, 23:13:31:026 CEST] 0000024d com.ibm.ws.tcpchannel.internal.TCPChannel                    I CWWKO0220I: Dla kana³u TCP defaultHttpEndpoint zatrzymano nas³uchiwanie ¿¹dañ na hoœcie kubernetes.docker.internal  (IPv4: 127.0.0.1) (port 9080).
[24.10.2022, 23:13:31:027 CEST] 0000024d com.ibm.ws.http.internal.VirtualHostImpl                     A CWWKT0017I: Usuniêta aplikacja WWW (default_host): http://localhost:9080/simple-rpg/
[24.10.2022, 23:13:31:030 CEST] 00000265 com.ibm.ws.runtime.update.internal.RuntimeUpdateManagerImpl  I CWWKE1101I: Zakoñczono wyciszanie serwera.
[24.10.2022, 23:13:31:062 CEST] 00000202 com.ibm.ws.app.manager.AppMessageHelper                      A CWWKZ0009I: Aplikacja simple-rpg-1.0-SNAPSHOT zosta³a zatrzymana pomyœlnie.
[24.10.2022, 23:13:31:327 CEST] 00000001 com.ibm.ws.kernel.launch.internal.FrameworkManager           A CWWKE0036I: Serwer defaultServer zosta³ zatrzymany po 16 min., 1,555 sek..
