********************************************************************************
product = Open Liberty 22.0.0.10 (wlp-1.0.69.cl221020220912-1100)
wlp.install.dir = C:/Users/karol/Desktop/projekty-ogolne/jakarta-lab-1/target/liberty/wlp/
java.home = C:\Users\karol\jdk-11.0.17
java.version = 11.0.17
java.runtime = Java(TM) SE Runtime Environment (11.0.17+10-LTS-269)
os = Windows 10 (10.0; amd64) (pl_PL)
process = 25064@LAPTOP-UOC4FMLC
Classpath = C:\Users\karol\Desktop\projekty-ogolne\jakarta-lab-1\target\liberty\wlp\bin\tools\ws-server.jar
Java Library path = C:\Users\karol\jdk-11.0.17\bin;C:\Windows\Sun\Java\bin;C:\Windows\system32;C:\Windows;C:\Windows\system32;C:\Windows;C:\Windows\System32\Wbem;C:\Windows\System32\WindowsPowerShell\v1.0\;C:\Windows\System32\OpenSSH\;C:\Program Files (x86)\NVIDIA Corporation\PhysX\Common;C:\Program Files\NVIDIA Corporation\NVIDIA NvDLISR;C:\Program Files\Git\cmd;C:\Program Files\nodejs\;C:\Program Files\Microsoft SQL Server\150\Tools\Binn\;C:\Program Files\Microsoft SQL Server\Client SDK\ODBC\170\Tools\Binn\;C:\Program Files (x86)\Microsoft SQL Server\150\Tools\Binn\;C:\Program Files\Microsoft SQL Server\150\DTS\Binn\;C:\Program Files (x86)\Microsoft SQL Server\150\DTS\Binn\;C:\Program Files\Azure Data Studio\bin;C:\Program Files\Docker\Docker\resources\bin;C:\ProgramData\DockerDesktop\version-bin;C:\Program Files\dotnet\;C:\Program Files\Microsoft SQL Server\130\Tools\Binn\;C:\Program Files\maven-3.6.3\bin;C:\Program Files\Kubernetes\Minikube;C:\kubectl;C:\Program Files\PuTTY\;C:\ProgramData\chocolatey\bin;C:\Users\karol\jdk-11.0.17\bin;C:\Users\karol\AppData\Local\Microsoft\WindowsApps;C:\Users\karol\AppData\Local\Programs\Microsoft VS Code\bin;C:\Program Files\Git\bin;C:\Program Files\Git\cmd;C:\Users\karol\AppData\Local\gitkraken\bin;C:\Users\karol\AppData\Roaming\npm;C:\Program Files\Azure Data Studio\bin;C:\Users\karol\.dotnet\tools;.
********************************************************************************
[24.10.2022, 23:13:40:517 CEST] 00000001 com.ibm.ws.kernel.launch.internal.FrameworkManager           A CWWKE0001I: Serwer defaultServer zosta³ uruchomiony.
[24.10.2022, 23:13:41:342 CEST] 00000001 com.ibm.ws.kernel.launch.internal.FrameworkManager           I CWWKE0002I: J¹dro zosta³o uruchomione po 1,025 sek. s
[24.10.2022, 23:13:41:356 CEST] 0000002e com.ibm.ws.kernel.feature.internal.FeatureManager            I CWWKF0007I: Uruchomiono aktualizacjê sk³adnika.
[24.10.2022, 23:13:41:570 CEST] 00000023 com.ibm.ws.app.manager.internal.monitor.DropinMonitor        A CWWKZ0058I: Monitorowanie aplikacji w katalogu dropins.
[24.10.2022, 23:13:41:934 CEST] 00000036 com.ibm.ws.app.manager.AppMessageHelper                      I CWWKZ0018I: Uruchamianie aplikacji simple-rpg-1.0-SNAPSHOT.
[24.10.2022, 23:13:41:935 CEST] 00000036 bm.ws.app.manager.war.internal.WARDeployedAppInfoFactoryImpl I CWWKZ0134I: Aplikacja simple-rpg-1.0-SNAPSHOT u¿ywa luŸnej definicji aplikacji w po³o¿eniu C:\Users\karol\Desktop\projekty-ogolne\jakarta-lab-1\target\liberty\wlp\usr\servers\defaultServer\dropins\simple-rpg-1.0-SNAPSHOT.war.xml.
[24.10.2022, 23:13:42:447 CEST] 00000036 com.ibm.ws.session.WASSessionCore                            I SESN8501I: Mened¿er sesji nie znalaz³ po³o¿enia trwa³ej pamiêci masowej. Obiekty HttpSession bêd¹ zapisywane w pamiêci lokalnego serwera aplikacji.
[24.10.2022, 23:13:42:495 CEST] 00000036 org.jboss.weld.Version                                       I WELD-000900: 3.1.9 (Final)
[24.10.2022, 23:13:43:128 CEST] 00000036 com.ibm.ws.webcontainer.osgi.webapp.WebGroup                 I SRVE0169I: £adowanie modu³u WWW: simple-rpg-1.0-SNAPSHOT.
[24.10.2022, 23:13:43:132 CEST] 00000036 com.ibm.ws.webcontainer                                      I SRVE0250I: Modu³ WWW simple-rpg-1.0-SNAPSHOT zosta³ powi¹zany z hostem wirtualnym default_host.
[24.10.2022, 23:13:43:132 CEST] 00000036 com.ibm.ws.http.internal.VirtualHostImpl                     A CWWKT0016I: Dostêpna aplikacja WWW (default_host): http://localhost:9080/simple-rpg/
[24.10.2022, 23:13:43:150 CEST] 00000045 com.ibm.ws.session.WASSessionCore                            I SESN0176I: W odniesieniu do klucza aplikacji default_host/simple-rpg zostanie utworzony nowy kontekst sesji.
[24.10.2022, 23:13:43:158 CEST] 00000045 com.ibm.ws.util                                              I SESN0172I: Mened¿er sesji korzysta przy generowaniu identyfikatora sesji z domyœlnej implementacji klasy SecureRandom jêzyka Java.
[24.10.2022, 23:13:43:168 CEST] 0000003e com.ibm.ws.webcontainer.osgi.mbeans.PluginGenerator          I SRVE9103I: Automatycznie wygenerowano plik konfiguracyjny wtyczki serwera WWW dla tego serwera w katalogu C:\Users\karol\Desktop\projekty-ogolne\jakarta-lab-1\target\liberty\wlp\usr\servers\defaultServer\logs\state\plugin-cfg.xml.
[24.10.2022, 23:13:43:306 CEST] 00000045 com.ibm.ws.app.manager.AppMessageHelper                      A CWWKZ0001I: Aplikacja simple-rpg-1.0-SNAPSHOT zosta³a uruchomiona w ci¹gu 1,371 sek.
[24.10.2022, 23:13:43:326 CEST] 0000002e com.ibm.ws.tcpchannel.internal.TCPPort                       I CWWKO0219I: Kana³ TCP defaultHttpEndpoint zosta³ uruchomiony i obecnie nas³uchuje ¿¹dañ na hoœcie kubernetes.docker.internal  (IPv4: 127.0.0.1) (port 9080).
[24.10.2022, 23:13:43:340 CEST] 0000002e com.ibm.ws.kernel.feature.internal.FeatureManager            A CWWKF0012I: Serwer zosta³ zainstalowany z nastêpuj¹cymi sk³adnikami: [cdi-2.0, jsonb-1.0, jsonp-1.1, servlet-4.0].
[24.10.2022, 23:13:43:341 CEST] 0000002e com.ibm.ws.kernel.feature.internal.FeatureManager            I CWWKF0008I: Aktualizacja sk³adnika zosta³a zakoñczona po 1,999 sek.
[24.10.2022, 23:13:43:341 CEST] 0000002e com.ibm.ws.kernel.feature.internal.FeatureManager            A CWWKF0011I: Serwer defaultServer jest gotowy do dzia³ania w trybie M¹drzejszy Œwiat. Serwer defaultServer zosta³ uruchomiony w ci¹gu 3,025 sekund.
[24.10.2022, 23:13:46:824 CEST] 0000004a com.ibm.ws.http.internal.VirtualHostImpl                     A CWWKT0017I: Usuniêta aplikacja WWW (default_host): http://localhost:9080/simple-rpg/
[24.10.2022, 23:13:46:847 CEST] 0000004a com.ibm.ws.app.manager.AppMessageHelper                      A CWWKZ0009I: Aplikacja simple-rpg-1.0-SNAPSHOT zosta³a zatrzymana pomyœlnie.
[24.10.2022, 23:13:46:853 CEST] 0000004a com.ibm.ws.app.manager.AppMessageHelper                      I CWWKZ0018I: Uruchamianie aplikacji simple-rpg-1.0-SNAPSHOT.
[24.10.2022, 23:13:46:853 CEST] 0000004a bm.ws.app.manager.war.internal.WARDeployedAppInfoFactoryImpl I CWWKZ0134I: Aplikacja simple-rpg-1.0-SNAPSHOT u¿ywa luŸnej definicji aplikacji w po³o¿eniu C:\Users\karol\Desktop\projekty-ogolne\jakarta-lab-1\target\liberty\wlp\usr\servers\defaultServer\dropins\simple-rpg-1.0-SNAPSHOT.war.xml.
[24.10.2022, 23:13:47:049 CEST] 0000004c com.ibm.ws.webcontainer.osgi.mbeans.PluginGenerator          I SRVE9103I: Automatycznie wygenerowano plik konfiguracyjny wtyczki serwera WWW dla tego serwera w katalogu C:\Users\karol\Desktop\projekty-ogolne\jakarta-lab-1\target\liberty\wlp\usr\servers\defaultServer\logs\state\plugin-cfg.xml.
[24.10.2022, 23:13:47:185 CEST] 0000004a com.ibm.ws.webcontainer.osgi.webapp.WebGroup                 I SRVE0169I: £adowanie modu³u WWW: simple-rpg-1.0-SNAPSHOT.
[24.10.2022, 23:13:47:185 CEST] 0000004a com.ibm.ws.webcontainer                                      I SRVE0250I: Modu³ WWW simple-rpg-1.0-SNAPSHOT zosta³ powi¹zany z hostem wirtualnym default_host.
[24.10.2022, 23:13:47:185 CEST] 0000004a com.ibm.ws.http.internal.VirtualHostImpl                     A CWWKT0016I: Dostêpna aplikacja WWW (default_host): http://localhost:9080/simple-rpg/
[24.10.2022, 23:13:47:187 CEST] 00000041 com.ibm.ws.session.WASSessionCore                            I SESN0176I: W odniesieniu do klucza aplikacji default_host/simple-rpg zostanie utworzony nowy kontekst sesji.
[24.10.2022, 23:13:47:188 CEST] 00000041 com.ibm.ws.util                                              I SESN0172I: Mened¿er sesji korzysta przy generowaniu identyfikatora sesji z domyœlnej implementacji klasy SecureRandom jêzyka Java.
[24.10.2022, 23:13:47:216 CEST] 00000040 com.ibm.ws.webcontainer.osgi.mbeans.PluginGenerator          I SRVE9103I: Automatycznie wygenerowano plik konfiguracyjny wtyczki serwera WWW dla tego serwera w katalogu C:\Users\karol\Desktop\projekty-ogolne\jakarta-lab-1\target\liberty\wlp\usr\servers\defaultServer\logs\state\plugin-cfg.xml.
[24.10.2022, 23:13:47:228 CEST] 00000041 com.ibm.ws.app.manager.AppMessageHelper                      A CWWKZ0003I: Aplikacja simple-rpg-1.0-SNAPSHOT zosta³a zaktualizowana w ci¹gu 0,375 sek.
[24.10.2022, 23:13:56:885 CEST] 00000048 com.ibm.ws.webcontainer.servlet                              I SRVE0242I: [simple-rpg-1.0-SNAPSHOT] [/simple-rpg] [pl.edu.pg.eti.kask.rpg.social.network.servlet.UserImageServlet]: inicjowanie powiod³o siê.
[24.10.2022, 23:13:56:918 CEST] 00000048 SystemOut                                                    O C:\Users\karol\imagelab1
[24.10.2022, 23:14:10:763 CEST] 00000052 com.ibm.ws.webcontainer.servlet                              I SRVE0242I: [simple-rpg-1.0-SNAPSHOT] [/simple-rpg] [pl.edu.pg.eti.kask.rpg.social.network.servlet.UserServlet]: inicjowanie powiod³o siê.
[24.10.2022, 23:16:08:370 CEST] 00000083 SystemOut                                                    O 1
[24.10.2022, 23:16:32:674 CEST] 0000001e com.ibm.ws.kernel.launch.internal.ServerCommandListener      A CWWKE0055I: Za¿¹dano zamkniêcia serwera w dniu poniedzia³ek, 24 paŸdziernika 2022 o godzinie 23:16. Serwer defaultServer jest wy³¹czany.
[24.10.2022, 23:16:32:677 CEST] 000000b5 com.ibm.ws.runtime.update.internal.RuntimeUpdateManagerImpl  A CWWKE1100I: Oczekiwanie co najwy¿ej przez 30 s na wyciszenie serwera.
[24.10.2022, 23:16:32:684 CEST] 000000a4 com.ibm.ws.tcpchannel.internal.TCPChannel                    I CWWKO0220I: Dla kana³u TCP defaultHttpEndpoint zatrzymano nas³uchiwanie ¿¹dañ na hoœcie kubernetes.docker.internal  (IPv4: 127.0.0.1) (port 9080).
[24.10.2022, 23:16:32:685 CEST] 000000a4 com.ibm.ws.http.internal.VirtualHostImpl                     A CWWKT0017I: Usuniêta aplikacja WWW (default_host): http://localhost:9080/simple-rpg/
[24.10.2022, 23:16:32:689 CEST] 000000b5 com.ibm.ws.runtime.update.internal.RuntimeUpdateManagerImpl  I CWWKE1101I: Zakoñczono wyciszanie serwera.
[24.10.2022, 23:16:32:723 CEST] 000000af com.ibm.ws.webcontainer.servlet                              I SRVE0253I: [simple-rpg-1.0-SNAPSHOT] [/simple-rpg] [pl.edu.pg.eti.kask.rpg.social.network.servlet.UserImageServlet]: niszczenie powiod³o siê.
[24.10.2022, 23:16:32:723 CEST] 000000af com.ibm.ws.webcontainer.servlet                              I SRVE0253I: [simple-rpg-1.0-SNAPSHOT] [/simple-rpg] [pl.edu.pg.eti.kask.rpg.social.network.servlet.UserServlet]: niszczenie powiod³o siê.
[24.10.2022, 23:16:32:729 CEST] 000000af com.ibm.ws.app.manager.AppMessageHelper                      A CWWKZ0009I: Aplikacja simple-rpg-1.0-SNAPSHOT zosta³a zatrzymana pomyœlnie.
[24.10.2022, 23:16:33:041 CEST] 00000001 com.ibm.ws.kernel.launch.internal.FrameworkManager           A CWWKE0036I: Serwer defaultServer zosta³ zatrzymany po 2 min., 52,725 sek..
